This is pdfTeX, Version 3.14159265-2.6-1.40.16 (MiKTeX 2.9) (preloaded format=pdflatex 2016.2.24)  16 MAR 2016 12:17
entering extended mode
**./master.tex
(master.tex
LaTeX2e <2015/10/01> patch level 2
Babel <3.9n> and hyphenation patterns for 69 languages loaded.
(setup/preamble.tex
("C:\Users\KasperLauge\AppData\Local\Programs\MiKTeX 2.9\tex\latex\base\report.
cls"
Document Class: report 2014/09/29 v1.4h Standard LaTeX document class

("C:\Users\KasperLauge\AppData\Local\Programs\MiKTeX 2.9\tex\latex\base\size11.
clo"
File: size11.clo 2014/09/29 v1.4h Standard LaTeX file (size option)
)
\c@part=\count79
\c@chapter=\count80
\c@section=\count81
\c@subsection=\count82
\c@subsubsection=\count83
\c@paragraph=\count84
\c@subparagraph=\count85
\c@figure=\count86
\c@table=\count87
\abovecaptionskip=\skip41
\belowcaptionskip=\skip42
\bibindent=\dimen102
)
("C:\Users\KasperLauge\AppData\Local\Programs\MiKTeX 2.9\tex\latex\base\inputen
c.sty"
Package: inputenc 2015/03/17 v1.2c Input encoding file
\inpenc@prehook=\toks14
\inpenc@posthook=\toks15

("C:\Users\KasperLauge\AppData\Local\Programs\MiKTeX 2.9\tex\latex\base\utf8.de
f"
File: utf8.def 2015/09/07 v1.1p UTF-8 support for inputenc
Now handling font encoding OML ...
... no UTF-8 mapping file for font encoding OML
Now handling font encoding T1 ...
... processing UTF-8 mapping file for font encoding T1

("C:\Users\KasperLauge\AppData\Local\Programs\MiKTeX 2.9\tex\latex\base\t1enc.d
fu"
File: t1enc.dfu 2015/09/07 v1.1p UTF-8 support for inputenc
   defining Unicode char U+00A0 (decimal 160)
   defining Unicode char U+00A1 (decimal 161)
   defining Unicode char U+00A3 (decimal 163)
   defining Unicode char U+00AB (decimal 171)
   defining Unicode char U+00AD (decimal 173)
   defining Unicode char U+00BB (decimal 187)
   defining Unicode char U+00BF (decimal 191)
   defining Unicode char U+00C0 (decimal 192)
   defining Unicode char U+00C1 (decimal 193)
   defining Unicode char U+00C2 (decimal 194)
   defining Unicode char U+00C3 (decimal 195)
   defining Unicode char U+00C4 (decimal 196)
   defining Unicode char U+00C5 (decimal 197)
   defining Unicode char U+00C6 (decimal 198)
   defining Unicode char U+00C7 (decimal 199)
   defining Unicode char U+00C8 (decimal 200)
   defining Unicode char U+00C9 (decimal 201)
   defining Unicode char U+00CA (decimal 202)
   defining Unicode char U+00CB (decimal 203)
   defining Unicode char U+00CC (decimal 204)
   defining Unicode char U+00CD (decimal 205)
   defining Unicode char U+00CE (decimal 206)
   defining Unicode char U+00CF (decimal 207)
   defining Unicode char U+00D0 (decimal 208)
   defining Unicode char U+00D1 (decimal 209)
   defining Unicode char U+00D2 (decimal 210)
   defining Unicode char U+00D3 (decimal 211)
   defining Unicode char U+00D4 (decimal 212)
   defining Unicode char U+00D5 (decimal 213)
   defining Unicode char U+00D6 (decimal 214)
   defining Unicode char U+00D8 (decimal 216)
   defining Unicode char U+00D9 (decimal 217)
   defining Unicode char U+00DA (decimal 218)
   defining Unicode char U+00DB (decimal 219)
   defining Unicode char U+00DC (decimal 220)
   defining Unicode char U+00DD (decimal 221)
   defining Unicode char U+00DE (decimal 222)
   defining Unicode char U+00DF (decimal 223)
   defining Unicode char U+00E0 (decimal 224)
   defining Unicode char U+00E1 (decimal 225)
   defining Unicode char U+00E2 (decimal 226)
   defining Unicode char U+00E3 (decimal 227)
   defining Unicode char U+00E4 (decimal 228)
   defining Unicode char U+00E5 (decimal 229)
   defining Unicode char U+00E6 (decimal 230)
   defining Unicode char U+00E7 (decimal 231)
   defining Unicode char U+00E8 (decimal 232)
   defining Unicode char U+00E9 (decimal 233)
   defining Unicode char U+00EA (decimal 234)
   defining Unicode char U+00EB (decimal 235)
   defining Unicode char U+00EC (decimal 236)
   defining Unicode char U+00ED (decimal 237)
   defining Unicode char U+00EE (decimal 238)
   defining Unicode char U+00EF (decimal 239)
   defining Unicode char U+00F0 (decimal 240)
   defining Unicode char U+00F1 (decimal 241)
   defining Unicode char U+00F2 (decimal 242)
   defining Unicode char U+00F3 (decimal 243)
   defining Unicode char U+00F4 (decimal 244)
   defining Unicode char U+00F5 (decimal 245)
   defining Unicode char U+00F6 (decimal 246)
   defining Unicode char U+00F8 (decimal 248)
   defining Unicode char U+00F9 (decimal 249)
   defining Unicode char U+00FA (decimal 250)
   defining Unicode char U+00FB (decimal 251)
   defining Unicode char U+00FC (decimal 252)
   defining Unicode char U+00FD (decimal 253)
   defining Unicode char U+00FE (decimal 254)
   defining Unicode char U+00FF (decimal 255)
   defining Unicode char U+0102 (decimal 258)
   defining Unicode char U+0103 (decimal 259)
   defining Unicode char U+0104 (decimal 260)
   defining Unicode char U+0105 (decimal 261)
   defining Unicode char U+0106 (decimal 262)
   defining Unicode char U+0107 (decimal 263)
   defining Unicode char U+010C (decimal 268)
   defining Unicode char U+010D (decimal 269)
   defining Unicode char U+010E (decimal 270)
   defining Unicode char U+010F (decimal 271)
   defining Unicode char U+0110 (decimal 272)
   defining Unicode char U+0111 (decimal 273)
   defining Unicode char U+0118 (decimal 280)
   defining Unicode char U+0119 (decimal 281)
   defining Unicode char U+011A (decimal 282)
   defining Unicode char U+011B (decimal 283)
   defining Unicode char U+011E (decimal 286)
   defining Unicode char U+011F (decimal 287)
   defining Unicode char U+0130 (decimal 304)
   defining Unicode char U+0131 (decimal 305)
   defining Unicode char U+0132 (decimal 306)
   defining Unicode char U+0133 (decimal 307)
   defining Unicode char U+0139 (decimal 313)
   defining Unicode char U+013A (decimal 314)
   defining Unicode char U+013D (decimal 317)
   defining Unicode char U+013E (decimal 318)
   defining Unicode char U+0141 (decimal 321)
   defining Unicode char U+0142 (decimal 322)
   defining Unicode char U+0143 (decimal 323)
   defining Unicode char U+0144 (decimal 324)
   defining Unicode char U+0147 (decimal 327)
   defining Unicode char U+0148 (decimal 328)
   defining Unicode char U+014A (decimal 330)
   defining Unicode char U+014B (decimal 331)
   defining Unicode char U+0150 (decimal 336)
   defining Unicode char U+0151 (decimal 337)
   defining Unicode char U+0152 (decimal 338)
   defining Unicode char U+0153 (decimal 339)
   defining Unicode char U+0154 (decimal 340)
   defining Unicode char U+0155 (decimal 341)
   defining Unicode char U+0158 (decimal 344)
   defining Unicode char U+0159 (decimal 345)
   defining Unicode char U+015A (decimal 346)
   defining Unicode char U+015B (decimal 347)
   defining Unicode char U+015E (decimal 350)
   defining Unicode char U+015F (decimal 351)
   defining Unicode char U+0160 (decimal 352)
   defining Unicode char U+0161 (decimal 353)
   defining Unicode char U+0162 (decimal 354)
   defining Unicode char U+0163 (decimal 355)
   defining Unicode char U+0164 (decimal 356)
   defining Unicode char U+0165 (decimal 357)
   defining Unicode char U+016E (decimal 366)
   defining Unicode char U+016F (decimal 367)
   defining Unicode char U+0170 (decimal 368)
   defining Unicode char U+0171 (decimal 369)
   defining Unicode char U+0174 (decimal 372)
   defining Unicode char U+0175 (decimal 373)
   defining Unicode char U+0176 (decimal 374)
   defining Unicode char U+0177 (decimal 375)
   defining Unicode char U+0178 (decimal 376)
   defining Unicode char U+0179 (decimal 377)
   defining Unicode char U+017A (decimal 378)
   defining Unicode char U+017B (decimal 379)
   defining Unicode char U+017C (decimal 380)
   defining Unicode char U+017D (decimal 381)
   defining Unicode char U+017E (decimal 382)
   defining Unicode char U+0218 (decimal 536)
   defining Unicode char U+0219 (decimal 537)
   defining Unicode char U+021A (decimal 538)
   defining Unicode char U+021B (decimal 539)
   defining Unicode char U+200C (decimal 8204)
   defining Unicode char U+2013 (decimal 8211)
   defining Unicode char U+2014 (decimal 8212)
   defining Unicode char U+2018 (decimal 8216)
   defining Unicode char U+2019 (decimal 8217)
   defining Unicode char U+201A (decimal 8218)
   defining Unicode char U+201C (decimal 8220)
   defining Unicode char U+201D (decimal 8221)
   defining Unicode char U+201E (decimal 8222)
   defining Unicode char U+2030 (decimal 8240)
   defining Unicode char U+2031 (decimal 8241)
   defining Unicode char U+2039 (decimal 8249)
   defining Unicode char U+203A (decimal 8250)
   defining Unicode char U+2423 (decimal 9251)
)
Now handling font encoding OT1 ...
... processing UTF-8 mapping file for font encoding OT1

("C:\Users\KasperLauge\AppData\Local\Programs\MiKTeX 2.9\tex\latex\base\ot1enc.
dfu"
File: ot1enc.dfu 2015/09/07 v1.1p UTF-8 support for inputenc
   defining Unicode char U+00A0 (decimal 160)
   defining Unicode char U+00A1 (decimal 161)
   defining Unicode char U+00A3 (decimal 163)
   defining Unicode char U+00AD (decimal 173)
   defining Unicode char U+00B8 (decimal 184)
   defining Unicode char U+00BF (decimal 191)
   defining Unicode char U+00C5 (decimal 197)
   defining Unicode char U+00C6 (decimal 198)
   defining Unicode char U+00D8 (decimal 216)
   defining Unicode char U+00DF (decimal 223)
   defining Unicode char U+00E6 (decimal 230)
   defining Unicode char U+00EC (decimal 236)
   defining Unicode char U+00ED (decimal 237)
   defining Unicode char U+00EE (decimal 238)
   defining Unicode char U+00EF (decimal 239)
   defining Unicode char U+00F8 (decimal 248)
   defining Unicode char U+0131 (decimal 305)
   defining Unicode char U+0141 (decimal 321)
   defining Unicode char U+0142 (decimal 322)
   defining Unicode char U+0152 (decimal 338)
   defining Unicode char U+0153 (decimal 339)
   defining Unicode char U+0174 (decimal 372)
   defining Unicode char U+0175 (decimal 373)
   defining Unicode char U+0176 (decimal 374)
   defining Unicode char U+0177 (decimal 375)
   defining Unicode char U+0218 (decimal 536)
   defining Unicode char U+0219 (decimal 537)
   defining Unicode char U+021A (decimal 538)
   defining Unicode char U+021B (decimal 539)
   defining Unicode char U+2013 (decimal 8211)
   defining Unicode char U+2014 (decimal 8212)
   defining Unicode char U+2018 (decimal 8216)
   defining Unicode char U+2019 (decimal 8217)
   defining Unicode char U+201C (decimal 8220)
   defining Unicode char U+201D (decimal 8221)
)
Now handling font encoding OMS ...
... processing UTF-8 mapping file for font encoding OMS

("C:\Users\KasperLauge\AppData\Local\Programs\MiKTeX 2.9\tex\latex\base\omsenc.
dfu"
File: omsenc.dfu 2015/09/07 v1.1p UTF-8 support for inputenc
   defining Unicode char U+00A7 (decimal 167)
   defining Unicode char U+00B6 (decimal 182)
   defining Unicode char U+00B7 (decimal 183)
   defining Unicode char U+2020 (decimal 8224)
   defining Unicode char U+2021 (decimal 8225)
   defining Unicode char U+2022 (decimal 8226)
)
Now handling font encoding OMX ...
... no UTF-8 mapping file for font encoding OMX
Now handling font encoding U ...
... no UTF-8 mapping file for font encoding U
   defining Unicode char U+00A9 (decimal 169)
   defining Unicode char U+00AA (decimal 170)
   defining Unicode char U+00AE (decimal 174)
   defining Unicode char U+00BA (decimal 186)
   defining Unicode char U+02C6 (decimal 710)
   defining Unicode char U+02DC (decimal 732)
   defining Unicode char U+200C (decimal 8204)
   defining Unicode char U+2026 (decimal 8230)
   defining Unicode char U+2122 (decimal 8482)
   defining Unicode char U+2423 (decimal 9251)
))
("C:\Users\KasperLauge\AppData\Local\Programs\MiKTeX 2.9\tex\generic\babel\babe
l.sty"
Package: babel 2016/01/08 3.9n The Babel package

*************************************
* Local config file bblopts.cfg used
*

("C:\Users\KasperLauge\AppData\Local\Programs\MiKTeX 2.9\tex\latex\00miktex\bbl
opts.cfg"
File: bblopts.cfg 2006/07/31 v1.0 MiKTeX 'babel' configuration
)
("C:\Users\KasperLauge\AppData\Local\Programs\MiKTeX 2.9\tex\latex\babel-danish
\danish.ldf"
Language: danish 2009/09/19 v1.3r Danish support from the babel system

("C:\Users\KasperLauge\AppData\Local\Programs\MiKTeX 2.9\tex\generic\babel\babe
l.def"
File: babel.def 2016/01/08 3.9n Babel common definitions
\babel@savecnt=\count88
\U@D=\dimen103
)
Package babel Info: Making " an active character on input line 82.
))
("C:\Users\KasperLauge\AppData\Local\Programs\MiKTeX 2.9\tex\latex\float\float.
sty"
Package: float 2001/11/08 v1.3d Float enhancements (AL)
\c@float@type=\count89
\float@exts=\toks16
\float@box=\box26
\@float@everytoks=\toks17
\@floatcapt=\box27
)
("C:\Users\KasperLauge\AppData\Local\Programs\MiKTeX 2.9\tex\latex\psnfss\mathp
azo.sty"
Package: mathpazo 2005/04/12 PSNFSS-v9.2a Palatino w/ Pazo Math (D.Puga, WaS) 
\symupright=\mathgroup4
)
("C:\Users\KasperLauge\AppData\Local\Programs\MiKTeX 2.9\tex\latex\base\fontenc
.sty"
Package: fontenc 2005/09/27 v1.99g Standard LaTeX package

("C:\Users\KasperLauge\AppData\Local\Programs\MiKTeX 2.9\tex\latex\base\t1enc.d
ef"
File: t1enc.def 2005/09/27 v1.99g Standard LaTeX file
LaTeX Font Info:    Redeclaring font encoding T1 on input line 48.
))
("C:\Users\KasperLauge\AppData\Local\Programs\MiKTeX 2.9\tex\latex\xcolor\xcolo
r.sty"
Package: xcolor 2007/01/21 v2.11 LaTeX color extensions (UK)

("C:\Users\KasperLauge\AppData\Local\Programs\MiKTeX 2.9\tex\latex\00miktex\col
or.cfg"
File: color.cfg 2007/01/18 v1.5 color configuration of teTeX/TeXLive
)
Package xcolor Info: Driver file: pdftex.def on input line 225.

("C:\Users\KasperLauge\AppData\Local\Programs\MiKTeX 2.9\tex\latex\pdftex-def\p
dftex.def"
File: pdftex.def 2011/05/27 v0.06d Graphics/color for pdfTeX

("C:\Users\KasperLauge\AppData\Local\Programs\MiKTeX 2.9\tex\generic\oberdiek\i
nfwarerr.sty"
Package: infwarerr 2010/04/08 v1.3 Providing info/warning/error messages (HO)
)
("C:\Users\KasperLauge\AppData\Local\Programs\MiKTeX 2.9\tex\generic\oberdiek\l
txcmds.sty"
Package: ltxcmds 2011/11/09 v1.22 LaTeX kernel commands for general use (HO)
)
\Gread@gobject=\count90
)
Package xcolor Info: Model `cmy' substituted by `cmy0' on input line 1337.
Package xcolor Info: Model `hsb' substituted by `rgb' on input line 1341.
Package xcolor Info: Model `RGB' extended on input line 1353.
Package xcolor Info: Model `HTML' substituted by `rgb' on input line 1355.
Package xcolor Info: Model `Hsb' substituted by `hsb' on input line 1356.
Package xcolor Info: Model `tHsb' substituted by `hsb' on input line 1357.
Package xcolor Info: Model `HSB' substituted by `hsb' on input line 1358.
Package xcolor Info: Model `Gray' substituted by `gray' on input line 1359.
Package xcolor Info: Model `wave' substituted by `hsb' on input line 1360.
)
("C:\Users\KasperLauge\AppData\Local\Programs\MiKTeX 2.9\tex\latex\graphics\gra
phicx.sty"
Package: graphicx 2014/10/28 v1.0g Enhanced LaTeX Graphics (DPC,SPQR)

("C:\Users\KasperLauge\AppData\Local\Programs\MiKTeX 2.9\tex\latex\graphics\key
val.sty"
Package: keyval 2014/10/28 v1.15 key=value parser (DPC)
\KV@toks@=\toks18
)
("C:\Users\KasperLauge\AppData\Local\Programs\MiKTeX 2.9\tex\latex\graphics\gra
phics.sty"
Package: graphics 2014/10/28 v1.0p Standard LaTeX Graphics (DPC,SPQR)

("C:\Users\KasperLauge\AppData\Local\Programs\MiKTeX 2.9\tex\latex\graphics\tri
g.sty"
Package: trig 1999/03/16 v1.09 sin cos tan (DPC)
)
("C:\Users\KasperLauge\AppData\Local\Programs\MiKTeX 2.9\tex\latex\00miktex\gra
phics.cfg"
File: graphics.cfg 2007/01/18 v1.5 graphics configuration of teTeX/TeXLive
)
Package graphics Info: Driver file: pdftex.def on input line 94.
)
\Gin@req@height=\dimen104
\Gin@req@width=\dimen105
)
("C:\Users\KasperLauge\AppData\Local\Programs\MiKTeX 2.9\tex\latex\caption\capt
ion.sty"
Package: caption 2016/02/21 v3.3-144 Customizing captions (AR)

("C:\Users\KasperLauge\AppData\Local\Programs\MiKTeX 2.9\tex\latex\caption\capt
ion3.sty"
Package: caption3 2016/02/04 v1.7-139 caption3 kernel (AR)
Package caption3 Info: TeX engine: e-TeX on input line 67.
\captionmargin=\dimen106
\captionmargin@=\dimen107
\captionwidth=\dimen108
\caption@tempdima=\dimen109
\caption@indent=\dimen110
\caption@parindent=\dimen111
\caption@hangindent=\dimen112
)
\c@ContinuedFloat=\count91
Package caption Info: float package is loaded.
)
("C:\Users\KasperLauge\AppData\Local\Programs\MiKTeX 2.9\tex\latex\tools\array.
sty"
Package: array 2014/10/28 v2.4c Tabular extension package (FMi)
\col@sep=\dimen113
\extrarowheight=\dimen114
\NC@list=\toks19
\extratabsurround=\skip43
\backup@length=\skip44
)
("C:\Users\KasperLauge\AppData\Local\Programs\MiKTeX 2.9\tex\latex\booktabs\boo
ktabs.sty"
Package: booktabs 2005/04/14 v1.61803 publication quality tables
\heavyrulewidth=\dimen115
\lightrulewidth=\dimen116
\cmidrulewidth=\dimen117
\belowrulesep=\dimen118
\belowbottomsep=\dimen119
\aboverulesep=\dimen120
\abovetopsep=\dimen121
\cmidrulesep=\dimen122
\cmidrulekern=\dimen123
\defaultaddspace=\dimen124
\@cmidla=\count92
\@cmidlb=\count93
\@aboverulesep=\dimen125
\@belowrulesep=\dimen126
\@thisruleclass=\count94
\@lastruleclass=\count95
\@thisrulewidth=\dimen127
)
("C:\Users\KasperLauge\AppData\Local\Programs\MiKTeX 2.9\tex\latex\framed\frame
d.sty"
Package: framed 2011/10/22 v 0.96: framed or shaded text with page breaks
\OuterFrameSep=\skip45
\fb@frw=\dimen128
\fb@frh=\dimen129
\FrameRule=\dimen130
\FrameSep=\dimen131
)
("C:\Users\KasperLauge\AppData\Local\Programs\MiKTeX 2.9\tex\latex\amsmath\amsm
ath.sty"
Package: amsmath 2013/01/14 v2.14 AMS math features
\@mathmargin=\skip46

For additional information on amsmath, use the `?' option.

("C:\Users\KasperLauge\AppData\Local\Programs\MiKTeX 2.9\tex\latex\amsmath\amst
ext.sty"
Package: amstext 2000/06/29 v2.01

("C:\Users\KasperLauge\AppData\Local\Programs\MiKTeX 2.9\tex\latex\amsmath\amsg
en.sty"
File: amsgen.sty 1999/11/30 v2.0
\@emptytoks=\toks20
\ex@=\dimen132
))
("C:\Users\KasperLauge\AppData\Local\Programs\MiKTeX 2.9\tex\latex\amsmath\amsb
sy.sty"
Package: amsbsy 1999/11/29 v1.2d
\pmbraise@=\dimen133
)
("C:\Users\KasperLauge\AppData\Local\Programs\MiKTeX 2.9\tex\latex\amsmath\amso
pn.sty"
Package: amsopn 1999/12/14 v2.01 operator names
)
\inf@bad=\count96
LaTeX Info: Redefining \frac on input line 210.
\uproot@=\count97
\leftroot@=\count98
LaTeX Info: Redefining \overline on input line 306.
\classnum@=\count99
\DOTSCASE@=\count100
LaTeX Info: Redefining \ldots on input line 378.
LaTeX Info: Redefining \dots on input line 381.
LaTeX Info: Redefining \cdots on input line 466.
\Mathstrutbox@=\box28
\strutbox@=\box29
\big@size=\dimen134
LaTeX Font Info:    Redeclaring font encoding OML on input line 566.
LaTeX Font Info:    Redeclaring font encoding OMS on input line 567.
\macc@depth=\count101
\c@MaxMatrixCols=\count102
\dotsspace@=\muskip10
\c@parentequation=\count103
\dspbrk@lvl=\count104
\tag@help=\toks21
\row@=\count105
\column@=\count106
\maxfields@=\count107
\andhelp@=\toks22
\eqnshift@=\dimen135
\alignsep@=\dimen136
\tagshift@=\dimen137
\tagwidth@=\dimen138
\totwidth@=\dimen139
\lineht@=\dimen140
\@envbody=\toks23
\multlinegap=\skip47
\multlinetaggap=\skip48
\mathdisplay@stack=\toks24
LaTeX Info: Redefining \[ on input line 2665.
LaTeX Info: Redefining \] on input line 2666.
)
("C:\Users\KasperLauge\AppData\Local\Programs\MiKTeX 2.9\tex\latex\amsfonts\ams
symb.sty"
Package: amssymb 2013/01/14 v3.01 AMS font symbols

("C:\Users\KasperLauge\AppData\Local\Programs\MiKTeX 2.9\tex\latex\amsfonts\ams
fonts.sty"
Package: amsfonts 2013/01/14 v3.01 Basic AMSFonts support
\symAMSa=\mathgroup5
\symAMSb=\mathgroup6
LaTeX Font Info:    Overwriting math alphabet `\mathfrak' in version `bold'
(Font)                  U/euf/m/n --> U/euf/b/n on input line 106.
))
("C:\Users\KasperLauge\AppData\Local\Programs\MiKTeX 2.9\tex\latex\ntheorem\nth
eorem.sty"
Style `ntheorem', Version 1.33 <2011/08/15>
Package: ntheorem 2011/08/15 1.33

("C:\Users\KasperLauge\AppData\Local\Programs\MiKTeX 2.9\tex\latex\base\ifthen.
sty"
Package: ifthen 2014/09/29 v1.1c Standard LaTeX ifthen package (DPC)
)
\theorem@style=\toks25
\theorem@@style=\toks26
\theorembodyfont=\toks27
\theoremnumbering=\toks28
\theorempreskipamount=\skip49
\theorempostskipamount=\skip50
\theoremframepreskipamount=\skip51
\theoremframepostskipamount=\skip52
\theoreminframepreskipamount=\skip53
\theoreminframepostskipamount=\skip54
\theorem@preskip=\toks29
\theorem@postskip=\toks30
\theorem@framepreskip=\toks31
\theorem@framepostskip=\toks32
\theorem@inframepreskip=\toks33
\theorem@inframepostskip=\toks34
\theoremindent=\dimen141
\theorem@indent=\dimen142
\theoremrightindent=\dimen143
\theorem@rightindent=\dimen144
\theoremheaderfont=\toks35
\theoremseparator=\toks36
\theoremprework=\toks37
\theorempostwork=\toks38
\theoremsymbol=\toks39
\qedsymbol=\toks40
\theoremkeyword=\toks41
\qedsymbol=\toks42
\thm@topsep=\skip55
\thm@topsepadd=\skip56
Package ntheorem Info: Option `thmmarks' loaded on input line 1175.
\c@endNonectr=\count108
\c@currNonectr=\count109
\mysavskip=\skip57
Package ntheorem Info: option `amsmath' handling for `thmmarks' loaded on input
 line 1175.
\thm@amstmpdepth=\dimen145
\tagwidth=\dimen146
\shadecolor=\toks43
)
("C:\Users\KasperLauge\AppData\Local\Programs\MiKTeX 2.9\tex\latex\geometry\geo
metry.sty"
Package: geometry 2010/09/12 v5.6 Page Geometry

("C:\Users\KasperLauge\AppData\Local\Programs\MiKTeX 2.9\tex\generic\oberdiek\i
fpdf.sty"
Package: ifpdf 2011/01/30 v2.3 Provides the ifpdf switch (HO)
Package ifpdf Info: pdfTeX in PDF mode is detected.
)
("C:\Users\KasperLauge\AppData\Local\Programs\MiKTeX 2.9\tex\generic\oberdiek\i
fvtex.sty"
Package: ifvtex 2010/03/01 v1.5 Detect VTeX and its facilities (HO)
Package ifvtex Info: VTeX not detected.
)
("C:\Users\KasperLauge\AppData\Local\Programs\MiKTeX 2.9\tex\generic\ifxetex\if
xetex.sty"
Package: ifxetex 2010/09/12 v0.6 Provides ifxetex conditional
)
\Gm@cnth=\count110
\Gm@cntv=\count111
\c@Gm@tempcnt=\count112
\Gm@bindingoffset=\dimen147
\Gm@wd@mp=\dimen148
\Gm@odd@mp=\dimen149
\Gm@even@mp=\dimen150
\Gm@layoutwidth=\dimen151
\Gm@layoutheight=\dimen152
\Gm@layouthoffset=\dimen153
\Gm@layoutvoffset=\dimen154
\Gm@dimlist=\toks44

("C:\Users\KasperLauge\AppData\Local\Programs\MiKTeX 2.9\tex\latex\geometry\geo
metry.cfg"))
("C:\Users\KasperLauge\AppData\Local\Programs\MiKTeX 2.9\tex\latex\titlesec\tit
lesec.sty"
Package: titlesec 2011/12/15 v2.10.0 Sectioning titles
\ttl@box=\box30
\beforetitleunit=\skip58
\aftertitleunit=\skip59
\ttl@plus=\dimen155
\ttl@minus=\dimen156
\ttl@toksa=\toks45
\titlewidth=\dimen157
\titlewidthlast=\dimen158
\titlewidthfirst=\dimen159
)
("C:\Users\KasperLauge\AppData\Local\Programs\MiKTeX 2.9\tex\latex\fancyhdr\fan
cyhdr.sty"
\fancy@headwidth=\skip60
\f@ncyO@elh=\skip61
\f@ncyO@erh=\skip62
\f@ncyO@olh=\skip63
\f@ncyO@orh=\skip64
\f@ncyO@elf=\skip65
\f@ncyO@erf=\skip66
\f@ncyO@olf=\skip67
\f@ncyO@orf=\skip68
)

Package Fancyhdr Warning: \fancyhead's `E' option without twoside option is use
less on input line 108.


("C:\Users\KasperLauge\AppData\Local\Programs\MiKTeX 2.9\tex\latex\tools\calc.s
ty"
Package: calc 2014/10/28 v4.3 Infix arithmetic (KKT,FJ)
\calc@Acount=\count113
\calc@Bcount=\count114
\calc@Adimen=\dimen160
\calc@Bdimen=\dimen161
\calc@Askip=\skip69
\calc@Bskip=\skip70
LaTeX Info: Redefining \setlength on input line 80.
LaTeX Info: Redefining \addtolength on input line 81.
\calc@Ccount=\count115
\calc@Cskip=\skip71
)
("C:\Users\KasperLauge\AppData\Local\Programs\MiKTeX 2.9\tex\latex\biblatex\bib
latex.sty"
Package: biblatex 2015/12/22 v3.2 programmable bibliographies (PK/JW/AB)

("C:\Users\KasperLauge\AppData\Local\Programs\MiKTeX 2.9\tex\latex\biblatex\bib
latex1.sty"
Package: biblatex1 2015/12/22 v3.2 programmable bibliographies (bibtex) (PK/JW/
AB)

("C:\Users\KasperLauge\AppData\Local\Programs\MiKTeX 2.9\tex\latex\etoolbox\eto
olbox.sty"
Package: etoolbox 2015/08/02 v2.2a e-TeX tools for LaTeX (JAW)
\etb@tempcnta=\count116
)
("C:\Users\KasperLauge\AppData\Local\Programs\MiKTeX 2.9\tex\latex\logreq\logre
q.sty"
Package: logreq 2010/08/04 v1.0 xml request logger
\lrq@indent=\count117

("C:\Users\KasperLauge\AppData\Local\Programs\MiKTeX 2.9\tex\latex\logreq\logre
q.def"
File: logreq.def 2010/08/04 v1.0 logreq spec v1.0
))
("C:\Users\KasperLauge\AppData\Local\Programs\MiKTeX 2.9\tex\latex\url\url.sty"
\Urlmuskip=\muskip11
Package: url 2013/09/16  ver 3.4  Verb mode for urls, etc.
)
\c@tabx@nest=\count118
\c@listtotal=\count119
\c@listcount=\count120
\c@liststart=\count121
\c@liststop=\count122
\c@citecount=\count123
\c@citetotal=\count124
\c@multicitecount=\count125
\c@multicitetotal=\count126
\c@instcount=\count127
\c@maxnames=\count128
\c@minnames=\count129
\c@maxitems=\count130
\c@minitems=\count131
\c@citecounter=\count132
\c@savedcitecounter=\count133
\c@uniquelist=\count134
\c@uniquename=\count135
\c@refsection=\count136
\c@refsegment=\count137
\c@maxextrayear=\count138
\c@maxextraalpha=\count139
\c@abbrvpenalty=\count140
\c@highnamepenalty=\count141
\c@lownamepenalty=\count142
\c@maxparens=\count143
\c@parenlevel=\count144
\blx@tempcnta=\count145
\blx@tempcntb=\count146
\blx@tempcntc=\count147
\blx@maxsection=\count148
\blx@maxsegment=\count149
\blx@notetype=\count150
\blx@parenlevel@text=\count151
\blx@parenlevel@foot=\count152
\labelnumberwidth=\skip72
\labelalphawidth=\skip73
\shorthandwidth=\skip74
\biblabelsep=\skip75
\bibitemsep=\skip76
\bibnamesep=\skip77
\bibinitsep=\skip78
\bibparsep=\skip79
\bibhang=\skip80
\blx@auxin=\read1
\blx@auxout=\write3
\c@mincomprange=\count153
\c@maxcomprange=\count154
\c@mincompwidth=\count155
\c@labelname=\count156
\c@savedlabelname=\count157
\c@author=\count158
\c@savedauthor=\count159
\c@shortauthor=\count160
\c@savedshortauthor=\count161
\c@editor=\count162
\c@savededitor=\count163
\c@editora=\count164
\c@savededitora=\count165
\c@editorb=\count166
\c@savededitorb=\count167
\c@editorc=\count168
\c@savededitorc=\count169
\c@shorteditor=\count170
\c@savedshorteditor=\count171
\c@bookauthor=\count172
\c@savedbookauthor=\count173
\c@translator=\count174
\c@savedtranslator=\count175
\c@annotator=\count176
\c@savedannotator=\count177
\c@commentator=\count178
\c@savedcommentator=\count179
\c@introduction=\count180
\c@savedintroduction=\count181
\c@foreword=\count182
\c@savedforeword=\count183
\c@afterword=\count184
\c@savedafterword=\count185
\c@holder=\count186
\c@savedholder=\count187
\c@namea=\count188
\c@savednamea=\count189
\c@nameb=\count190
\c@savednameb=\count191
\c@namec=\count192
\c@savednamec=\count193
\c@institution=\count194
\c@savedinstitution=\count195
\c@language=\count196
\c@savedlanguage=\count197
\c@location=\count198
\c@savedlocation=\count199
\c@organization=\count266
\c@savedorganization=\count267
\c@origlocation=\count268
\c@savedoriglocation=\count269
\c@origpublisher=\count270
\c@savedorigpublisher=\count271
\c@pageref=\count272
\c@savedpageref=\count273
\c@publisher=\count274
\c@savedpublisher=\count275
\c@lista=\count276
\c@savedlista=\count277
\c@listb=\count278
\c@savedlistb=\count279
\c@listc=\count280
\c@savedlistc=\count281
\c@listd=\count282
\c@savedlistd=\count283
\c@liste=\count284
\c@savedliste=\count285
\c@listf=\count286
\c@savedlistf=\count287
Package biblatex Info: Trying to load compatibility code...
Package biblatex Info: ... file 'blx-compat.def' found.

("C:\Users\KasperLauge\AppData\Local\Programs\MiKTeX 2.9\tex\latex\biblatex\blx
-compat.def"
File: blx-compat.def 2015/12/22 v3.2 biblatex compatibility (PK/JW/AB)
)
Package biblatex Info: Trying to load generic definitions...
Package biblatex Info: ... file 'biblatex.def' found.

("C:\Users\KasperLauge\AppData\Local\Programs\MiKTeX 2.9\tex\latex\biblatex\bib
latex.def"
File: biblatex.def 
\c@textcitecount=\count288
\c@textcitetotal=\count289
\c@textcitemaxnames=\count290
\c@biburlnumpenalty=\count291
\c@biburlucpenalty=\count292
\c@biburllcpenalty=\count293
\c@smartand=\count294
)
Package biblatex Info: Trying to load bibliography style 'numeric'...
Package biblatex Info: ... file 'numeric.bbx' found.

("C:\Users\KasperLauge\AppData\Local\Programs\MiKTeX 2.9\tex\latex\biblatex\bbx
\numeric.bbx"
File: numeric.bbx 2015/12/22 v3.2 biblatex bibliography style (PK/JW/AB)
Package biblatex Info: Trying to load bibliography style 'standard'...
Package biblatex Info: ... file 'standard.bbx' found.

("C:\Users\KasperLauge\AppData\Local\Programs\MiKTeX 2.9\tex\latex\biblatex\bbx
\standard.bbx"
File: standard.bbx 2015/12/22 v3.2 biblatex bibliography style (PK/JW/AB)
\c@bbx:relatedcount=\count295
\c@bbx:relatedtotal=\count296
))
Package biblatex Info: Trying to load citation style 'numeric'...
Package biblatex Info: ... file 'numeric.cbx' found.

("C:\Users\KasperLauge\AppData\Local\Programs\MiKTeX 2.9\tex\latex\biblatex\cbx
\numeric.cbx"
File: numeric.cbx 2015/12/22 v3.2 biblatex citation style (PK/JW/AB)
Package biblatex Info: Redefining '\cite'.
Package biblatex Info: Redefining '\parencite'.
Package biblatex Info: Redefining '\footcite'.
Package biblatex Info: Redefining '\footcitetext'.
Package biblatex Info: Redefining '\smartcite'.
Package biblatex Info: Redefining '\supercite'.
Package biblatex Info: Redefining '\textcite'.
Package biblatex Info: Redefining '\textcites'.
Package biblatex Info: Redefining '\cites'.
Package biblatex Info: Redefining '\parencites'.
Package biblatex Info: Redefining '\smartcites'.
)
Package biblatex Info: Trying to load configuration file...
Package biblatex Info: ... file 'biblatex.cfg' found.

("C:\Users\KasperLauge\AppData\Local\Programs\MiKTeX 2.9\tex\latex\biblatex\bib
latex.cfg"
File: biblatex.cfg 
)))
("C:\Users\KasperLauge\AppData\Local\Programs\MiKTeX 2.9\tex\latex\tocbibind\to
cbibind.sty"
Package: tocbibind 2010/10/13 v1.5k extra ToC listings
Package tocbibind Info: The document has chapter divisions on input line 50.


Package tocbibind Note: Using chapter style headings, unless overridden.

)
("C:\Users\KasperLauge\AppData\Local\Programs\MiKTeX 2.9\tex\latex\lastpage\las
tpage.sty"
Package: lastpage 2015/03/29 v1.2m Refers to last page's name (HMM; JPG)
)
("C:\Users\KasperLauge\AppData\Local\Programs\MiKTeX 2.9\tex\latex\todonotes\to
donotes.sty"
Package: todonotes 2015/07/09 .dtx Todonotes source and documentation.
Package: todonotes 2012/07/25

("C:\Users\KasperLauge\AppData\Local\Programs\MiKTeX 2.9\tex\latex\xkeyval\xkey
val.sty"
Package: xkeyval 2014/12/03 v2.7a package option processing (HA)

("C:\Users\KasperLauge\AppData\Local\Programs\MiKTeX 2.9\tex\generic\xkeyval\xk
eyval.tex"
("C:\Users\KasperLauge\AppData\Local\Programs\MiKTeX 2.9\tex\generic\xkeyval\xk
vutils.tex"
\XKV@toks=\toks46
\XKV@tempa@toks=\toks47
)
\XKV@depth=\count297
File: xkeyval.tex 2014/12/03 v2.7a key=value parser (HA)
))
("C:\Users\KasperLauge\AppData\Local\Programs\MiKTeX 2.9\tex\latex\pgf\frontend
layer\tikz.sty"
("C:\Users\KasperLauge\AppData\Local\Programs\MiKTeX 2.9\tex\latex\pgf\basiclay
er\pgf.sty"
("C:\Users\KasperLauge\AppData\Local\Programs\MiKTeX 2.9\tex\latex\pgf\utilitie
s\pgfrcs.sty"
("C:\Users\KasperLauge\AppData\Local\Programs\MiKTeX 2.9\tex\generic\pgf\utilit
ies\pgfutil-common.tex"
\pgfutil@everybye=\toks48
\pgfutil@tempdima=\dimen162
\pgfutil@tempdimb=\dimen163

("C:\Users\KasperLauge\AppData\Local\Programs\MiKTeX 2.9\tex\generic\pgf\utilit
ies\pgfutil-common-lists.tex"))
("C:\Users\KasperLauge\AppData\Local\Programs\MiKTeX 2.9\tex\generic\pgf\utilit
ies\pgfutil-latex.def"
\pgfutil@abb=\box31

("C:\Users\KasperLauge\AppData\Local\Programs\MiKTeX 2.9\tex\latex\ms\everyshi.
sty"
Package: everyshi 2001/05/15 v3.00 EveryShipout Package (MS)
))
("C:\Users\KasperLauge\AppData\Local\Programs\MiKTeX 2.9\tex\generic\pgf\utilit
ies\pgfrcs.code.tex"
Package: pgfrcs 2015/08/07 v3.0.1a (rcs-revision 1.31)
))
Package: pgf 2015/08/07 v3.0.1a (rcs-revision 1.15)

("C:\Users\KasperLauge\AppData\Local\Programs\MiKTeX 2.9\tex\latex\pgf\basiclay
er\pgfcore.sty"
("C:\Users\KasperLauge\AppData\Local\Programs\MiKTeX 2.9\tex\latex\pgf\systemla
yer\pgfsys.sty"
("C:\Users\KasperLauge\AppData\Local\Programs\MiKTeX 2.9\tex\generic\pgf\system
layer\pgfsys.code.tex"
Package: pgfsys 2014/07/09 v3.0.1a (rcs-revision 1.48)

("C:\Users\KasperLauge\AppData\Local\Programs\MiKTeX 2.9\tex\generic\pgf\utilit
ies\pgfkeys.code.tex"
\pgfkeys@pathtoks=\toks49
\pgfkeys@temptoks=\toks50

("C:\Users\KasperLauge\AppData\Local\Programs\MiKTeX 2.9\tex\generic\pgf\utilit
ies\pgfkeysfiltered.code.tex"
\pgfkeys@tmptoks=\toks51
))
\pgf@x=\dimen164
\pgf@y=\dimen165
\pgf@xa=\dimen166
\pgf@ya=\dimen167
\pgf@xb=\dimen168
\pgf@yb=\dimen169
\pgf@xc=\dimen170
\pgf@yc=\dimen171
\w@pgf@writea=\write4
\r@pgf@reada=\read2
\c@pgf@counta=\count298
\c@pgf@countb=\count299
\c@pgf@countc=\count300
\c@pgf@countd=\count301
\t@pgf@toka=\toks52
\t@pgf@tokb=\toks53
\t@pgf@tokc=\toks54

("C:\Users\KasperLauge\AppData\Local\Programs\MiKTeX 2.9\tex\generic\pgf\system
layer\pgf.cfg"
File: pgf.cfg 2008/05/14  (rcs-revision 1.7)
)
Driver file for pgf: pgfsys-pdftex.def

("C:\Users\KasperLauge\AppData\Local\Programs\MiKTeX 2.9\tex\generic\pgf\system
layer\pgfsys-pdftex.def"
File: pgfsys-pdftex.def 2014/10/11  (rcs-revision 1.35)

("C:\Users\KasperLauge\AppData\Local\Programs\MiKTeX 2.9\tex\generic\pgf\system
layer\pgfsys-common-pdf.def"
File: pgfsys-common-pdf.def 2013/10/10  (rcs-revision 1.13)
)))
("C:\Users\KasperLauge\AppData\Local\Programs\MiKTeX 2.9\tex\generic\pgf\system
layer\pgfsyssoftpath.code.tex"
File: pgfsyssoftpath.code.tex 2013/09/09  (rcs-revision 1.9)
\pgfsyssoftpath@smallbuffer@items=\count302
\pgfsyssoftpath@bigbuffer@items=\count303
)
("C:\Users\KasperLauge\AppData\Local\Programs\MiKTeX 2.9\tex\generic\pgf\system
layer\pgfsysprotocol.code.tex"
File: pgfsysprotocol.code.tex 2006/10/16  (rcs-revision 1.4)
))
("C:\Users\KasperLauge\AppData\Local\Programs\MiKTeX 2.9\tex\generic\pgf\basicl
ayer\pgfcore.code.tex"
Package: pgfcore 2010/04/11 v3.0.1a (rcs-revision 1.7)

("C:\Users\KasperLauge\AppData\Local\Programs\MiKTeX 2.9\tex\generic\pgf\math\p
gfmath.code.tex"
("C:\Users\KasperLauge\AppData\Local\Programs\MiKTeX 2.9\tex\generic\pgf\math\p
gfmathcalc.code.tex"
("C:\Users\KasperLauge\AppData\Local\Programs\MiKTeX 2.9\tex\generic\pgf\math\p
gfmathutil.code.tex")
("C:\Users\KasperLauge\AppData\Local\Programs\MiKTeX 2.9\tex\generic\pgf\math\p
gfmathparser.code.tex"
\pgfmath@dimen=\dimen172
\pgfmath@count=\count304
\pgfmath@box=\box32
\pgfmath@toks=\toks55
\pgfmath@stack@operand=\toks56
\pgfmath@stack@operation=\toks57
)
("C:\Users\KasperLauge\AppData\Local\Programs\MiKTeX 2.9\tex\generic\pgf\math\p
gfmathfunctions.code.tex"
("C:\Users\KasperLauge\AppData\Local\Programs\MiKTeX 2.9\tex\generic\pgf\math\p
gfmathfunctions.basic.code.tex")
("C:\Users\KasperLauge\AppData\Local\Programs\MiKTeX 2.9\tex\generic\pgf\math\p
gfmathfunctions.trigonometric.code.tex")
("C:\Users\KasperLauge\AppData\Local\Programs\MiKTeX 2.9\tex\generic\pgf\math\p
gfmathfunctions.random.code.tex")
("C:\Users\KasperLauge\AppData\Local\Programs\MiKTeX 2.9\tex\generic\pgf\math\p
gfmathfunctions.comparison.code.tex")
("C:\Users\KasperLauge\AppData\Local\Programs\MiKTeX 2.9\tex\generic\pgf\math\p
gfmathfunctions.base.code.tex")
("C:\Users\KasperLauge\AppData\Local\Programs\MiKTeX 2.9\tex\generic\pgf\math\p
gfmathfunctions.round.code.tex")
("C:\Users\KasperLauge\AppData\Local\Programs\MiKTeX 2.9\tex\generic\pgf\math\p
gfmathfunctions.misc.code.tex")
("C:\Users\KasperLauge\AppData\Local\Programs\MiKTeX 2.9\tex\generic\pgf\math\p
gfmathfunctions.integerarithmetics.code.tex")))
("C:\Users\KasperLauge\AppData\Local\Programs\MiKTeX 2.9\tex\generic\pgf\math\p
gfmathfloat.code.tex"
\c@pgfmathroundto@lastzeros=\count305
))
("C:\Users\KasperLauge\AppData\Local\Programs\MiKTeX 2.9\tex\generic\pgf\basicl
ayer\pgfcorepoints.code.tex"
File: pgfcorepoints.code.tex 2013/10/07  (rcs-revision 1.27)
\pgf@picminx=\dimen173
\pgf@picmaxx=\dimen174
\pgf@picminy=\dimen175
\pgf@picmaxy=\dimen176
\pgf@pathminx=\dimen177
\pgf@pathmaxx=\dimen178
\pgf@pathminy=\dimen179
\pgf@pathmaxy=\dimen180
\pgf@xx=\dimen181
\pgf@xy=\dimen182
\pgf@yx=\dimen183
\pgf@yy=\dimen184
\pgf@zx=\dimen185
\pgf@zy=\dimen186
)
("C:\Users\KasperLauge\AppData\Local\Programs\MiKTeX 2.9\tex\generic\pgf\basicl
ayer\pgfcorepathconstruct.code.tex"
File: pgfcorepathconstruct.code.tex 2013/10/07  (rcs-revision 1.29)
\pgf@path@lastx=\dimen187
\pgf@path@lasty=\dimen188
)
("C:\Users\KasperLauge\AppData\Local\Programs\MiKTeX 2.9\tex\generic\pgf\basicl
ayer\pgfcorepathusage.code.tex"
File: pgfcorepathusage.code.tex 2014/11/02  (rcs-revision 1.24)
\pgf@shorten@end@additional=\dimen189
\pgf@shorten@start@additional=\dimen190
)
("C:\Users\KasperLauge\AppData\Local\Programs\MiKTeX 2.9\tex\generic\pgf\basicl
ayer\pgfcorescopes.code.tex"
File: pgfcorescopes.code.tex 2015/05/08  (rcs-revision 1.46)
\pgfpic=\box33
\pgf@hbox=\box34
\pgf@layerbox@main=\box35
\pgf@picture@serial@count=\count306
)
("C:\Users\KasperLauge\AppData\Local\Programs\MiKTeX 2.9\tex\generic\pgf\basicl
ayer\pgfcoregraphicstate.code.tex"
File: pgfcoregraphicstate.code.tex 2014/11/02  (rcs-revision 1.12)
\pgflinewidth=\dimen191
)
("C:\Users\KasperLauge\AppData\Local\Programs\MiKTeX 2.9\tex\generic\pgf\basicl
ayer\pgfcoretransformations.code.tex"
File: pgfcoretransformations.code.tex 2015/08/07  (rcs-revision 1.20)
\pgf@pt@x=\dimen192
\pgf@pt@y=\dimen193
\pgf@pt@temp=\dimen194
)
("C:\Users\KasperLauge\AppData\Local\Programs\MiKTeX 2.9\tex\generic\pgf\basicl
ayer\pgfcorequick.code.tex"
File: pgfcorequick.code.tex 2008/10/09  (rcs-revision 1.3)
)
("C:\Users\KasperLauge\AppData\Local\Programs\MiKTeX 2.9\tex\generic\pgf\basicl
ayer\pgfcoreobjects.code.tex"
File: pgfcoreobjects.code.tex 2006/10/11  (rcs-revision 1.2)
)
("C:\Users\KasperLauge\AppData\Local\Programs\MiKTeX 2.9\tex\generic\pgf\basicl
ayer\pgfcorepathprocessing.code.tex"
File: pgfcorepathprocessing.code.tex 2013/09/09  (rcs-revision 1.9)
)
("C:\Users\KasperLauge\AppData\Local\Programs\MiKTeX 2.9\tex\generic\pgf\basicl
ayer\pgfcorearrows.code.tex"
File: pgfcorearrows.code.tex 2015/05/14  (rcs-revision 1.43)
\pgfarrowsep=\dimen195
)
("C:\Users\KasperLauge\AppData\Local\Programs\MiKTeX 2.9\tex\generic\pgf\basicl
ayer\pgfcoreshade.code.tex"
File: pgfcoreshade.code.tex 2013/07/15  (rcs-revision 1.15)
\pgf@max=\dimen196
\pgf@sys@shading@range@num=\count307
)
("C:\Users\KasperLauge\AppData\Local\Programs\MiKTeX 2.9\tex\generic\pgf\basicl
ayer\pgfcoreimage.code.tex"
File: pgfcoreimage.code.tex 2013/07/15  (rcs-revision 1.18)

("C:\Users\KasperLauge\AppData\Local\Programs\MiKTeX 2.9\tex\generic\pgf\basicl
ayer\pgfcoreexternal.code.tex"
File: pgfcoreexternal.code.tex 2014/07/09  (rcs-revision 1.21)
\pgfexternal@startupbox=\box36
))
("C:\Users\KasperLauge\AppData\Local\Programs\MiKTeX 2.9\tex\generic\pgf\basicl
ayer\pgfcorelayers.code.tex"
File: pgfcorelayers.code.tex 2013/07/18  (rcs-revision 1.7)
)
("C:\Users\KasperLauge\AppData\Local\Programs\MiKTeX 2.9\tex\generic\pgf\basicl
ayer\pgfcoretransparency.code.tex"
File: pgfcoretransparency.code.tex 2013/09/30  (rcs-revision 1.5)
)
("C:\Users\KasperLauge\AppData\Local\Programs\MiKTeX 2.9\tex\generic\pgf\basicl
ayer\pgfcorepatterns.code.tex"
File: pgfcorepatterns.code.tex 2013/11/07  (rcs-revision 1.5)
)))
("C:\Users\KasperLauge\AppData\Local\Programs\MiKTeX 2.9\tex\generic\pgf\module
s\pgfmoduleshapes.code.tex"
File: pgfmoduleshapes.code.tex 2014/03/21  (rcs-revision 1.35)
\pgfnodeparttextbox=\box37
)
("C:\Users\KasperLauge\AppData\Local\Programs\MiKTeX 2.9\tex\generic\pgf\module
s\pgfmoduleplot.code.tex"
File: pgfmoduleplot.code.tex 2015/08/03  (rcs-revision 1.13)
)
("C:\Users\KasperLauge\AppData\Local\Programs\MiKTeX 2.9\tex\latex\pgf\compatib
ility\pgfcomp-version-0-65.sty"
Package: pgfcomp-version-0-65 2007/07/03 v3.0.1a (rcs-revision 1.7)
\pgf@nodesepstart=\dimen197
\pgf@nodesepend=\dimen198
)
("C:\Users\KasperLauge\AppData\Local\Programs\MiKTeX 2.9\tex\latex\pgf\compatib
ility\pgfcomp-version-1-18.sty"
Package: pgfcomp-version-1-18 2007/07/23 v3.0.1a (rcs-revision 1.1)
))
("C:\Users\KasperLauge\AppData\Local\Programs\MiKTeX 2.9\tex\latex\pgf\utilitie
s\pgffor.sty"
("C:\Users\KasperLauge\AppData\Local\Programs\MiKTeX 2.9\tex\latex\pgf\utilitie
s\pgfkeys.sty"
("C:\Users\KasperLauge\AppData\Local\Programs\MiKTeX 2.9\tex\generic\pgf\utilit
ies\pgfkeys.code.tex"))
("C:\Users\KasperLauge\AppData\Local\Programs\MiKTeX 2.9\tex\latex\pgf\math\pgf
math.sty"
("C:\Users\KasperLauge\AppData\Local\Programs\MiKTeX 2.9\tex\generic\pgf\math\p
gfmath.code.tex"))
("C:\Users\KasperLauge\AppData\Local\Programs\MiKTeX 2.9\tex\generic\pgf\utilit
ies\pgffor.code.tex"
Package: pgffor 2013/12/13 v3.0.1a (rcs-revision 1.25)

("C:\Users\KasperLauge\AppData\Local\Programs\MiKTeX 2.9\tex\generic\pgf\math\p
gfmath.code.tex")
\pgffor@iter=\dimen199
\pgffor@skip=\dimen256
\pgffor@stack=\toks58
\pgffor@toks=\toks59
))
("C:\Users\KasperLauge\AppData\Local\Programs\MiKTeX 2.9\tex\generic\pgf\fronte
ndlayer\tikz\tikz.code.tex"
Package: tikz 2015/08/07 v3.0.1a (rcs-revision 1.151)

("C:\Users\KasperLauge\AppData\Local\Programs\MiKTeX 2.9\tex\generic\pgf\librar
ies\pgflibraryplothandlers.code.tex"
File: pgflibraryplothandlers.code.tex 2013/08/31 v3.0.1a (rcs-revision 1.20)
\pgf@plot@mark@count=\count308
\pgfplotmarksize=\dimen257
)
\tikz@lastx=\dimen258
\tikz@lasty=\dimen259
\tikz@lastxsaved=\dimen260
\tikz@lastysaved=\dimen261
\tikzleveldistance=\dimen262
\tikzsiblingdistance=\dimen263
\tikz@figbox=\box38
\tikz@figbox@bg=\box39
\tikz@tempbox=\box40
\tikz@tempbox@bg=\box41
\tikztreelevel=\count309
\tikznumberofchildren=\count310
\tikznumberofcurrentchild=\count311
\tikz@fig@count=\count312

("C:\Users\KasperLauge\AppData\Local\Programs\MiKTeX 2.9\tex\generic\pgf\module
s\pgfmodulematrix.code.tex"
File: pgfmodulematrix.code.tex 2013/09/17  (rcs-revision 1.8)
\pgfmatrixcurrentrow=\count313
\pgfmatrixcurrentcolumn=\count314
\pgf@matrix@numberofcolumns=\count315
)
\tikz@expandcount=\count316

("C:\Users\KasperLauge\AppData\Local\Programs\MiKTeX 2.9\tex\generic\pgf\fronte
ndlayer\tikz\libraries\tikzlibrarytopaths.code.tex"
File: tikzlibrarytopaths.code.tex 2008/06/17 v3.0.1a (rcs-revision 1.2)
)))
("C:\Users\KasperLauge\AppData\Local\Programs\MiKTeX 2.9\tex\generic\pgf\fronte
ndlayer\tikz\libraries\tikzlibrarypositioning.code.tex"
File: tikzlibrarypositioning.code.tex 2008/10/06 v3.0.1a (rcs-revision 1.7)
)
\c@@todonotes@numberoftodonotes=\count317
)
("C:\Users\KasperLauge\AppData\Local\Programs\MiKTeX 2.9\tex\latex\hyperref\hyp
erref.sty"
Package: hyperref 2012/11/06 v6.83m Hypertext links for LaTeX

("C:\Users\KasperLauge\AppData\Local\Programs\MiKTeX 2.9\tex\generic\oberdiek\h
obsub-hyperref.sty"
Package: hobsub-hyperref 2012/04/25 v1.12 Bundle oberdiek, subset hyperref (HO)


("C:\Users\KasperLauge\AppData\Local\Programs\MiKTeX 2.9\tex\generic\oberdiek\h
obsub-generic.sty"
Package: hobsub-generic 2012/04/25 v1.12 Bundle oberdiek, subset generic (HO)
Package: hobsub 2012/04/25 v1.12 Construct package bundles (HO)
Package hobsub Info: Skipping package `infwarerr' (already loaded).
Package hobsub Info: Skipping package `ltxcmds' (already loaded).
Package: ifluatex 2010/03/01 v1.3 Provides the ifluatex switch (HO)
Package ifluatex Info: LuaTeX not detected.
Package hobsub Info: Skipping package `ifvtex' (already loaded).
Package: intcalc 2007/09/27 v1.1 Expandable calculations with integers (HO)
Package hobsub Info: Skipping package `ifpdf' (already loaded).
Package: etexcmds 2011/02/16 v1.5 Avoid name clashes with e-TeX commands (HO)
Package etexcmds Info: Could not find \expanded.
(etexcmds)             That can mean that you are not using pdfTeX 1.50 or
(etexcmds)             that some package has redefined \expanded.
(etexcmds)             In the latter case, load this package earlier.
Package: kvsetkeys 2012/04/25 v1.16 Key value parser (HO)
Package: kvdefinekeys 2011/04/07 v1.3 Define keys (HO)
Package: pdftexcmds 2011/11/29 v0.20 Utility functions of pdfTeX for LuaTeX (HO
)
Package pdftexcmds Info: LuaTeX not detected.
Package pdftexcmds Info: \pdf@primitive is available.
Package pdftexcmds Info: \pdf@ifprimitive is available.
Package pdftexcmds Info: \pdfdraftmode found.
Package: pdfescape 2011/11/25 v1.13 Implements pdfTeX's escape features (HO)
Package: bigintcalc 2012/04/08 v1.3 Expandable calculations on big integers (HO
)
Package: bitset 2011/01/30 v1.1 Handle bit-vector datatype (HO)
Package: uniquecounter 2011/01/30 v1.2 Provide unlimited unique counter (HO)
)
Package hobsub Info: Skipping package `hobsub' (already loaded).
Package: letltxmacro 2010/09/02 v1.4 Let assignment for LaTeX macros (HO)
Package: hopatch 2011/06/24 v1.1 Wrapper for package hooks (HO)
Package: xcolor-patch 2011/01/30 xcolor patch
Package: atveryend 2011/06/30 v1.8 Hooks at the very end of document (HO)
Package: atbegshi 2011/10/05 v1.16 At begin shipout hook (HO)
Package: refcount 2011/10/16 v3.4 Data extraction from label references (HO)
Package: hycolor 2011/01/30 v1.7 Color options for hyperref/bookmark (HO)
)
("C:\Users\KasperLauge\AppData\Local\Programs\MiKTeX 2.9\tex\latex\oberdiek\aux
hook.sty"
Package: auxhook 2011/03/04 v1.3 Hooks for auxiliary files (HO)
)
("C:\Users\KasperLauge\AppData\Local\Programs\MiKTeX 2.9\tex\latex\oberdiek\kvo
ptions.sty"
Package: kvoptions 2011/06/30 v3.11 Key value format for package options (HO)
)
\@linkdim=\dimen264
\Hy@linkcounter=\count318
\Hy@pagecounter=\count319

("C:\Users\KasperLauge\AppData\Local\Programs\MiKTeX 2.9\tex\latex\hyperref\pd1
enc.def"
File: pd1enc.def 2012/11/06 v6.83m Hyperref: PDFDocEncoding definition (HO)
Now handling font encoding PD1 ...
... no UTF-8 mapping file for font encoding PD1
)
\Hy@SavedSpaceFactor=\count320

("C:\Users\KasperLauge\AppData\Local\Programs\MiKTeX 2.9\tex\latex\00miktex\hyp
erref.cfg"
File: hyperref.cfg 2002/06/06 v1.2 hyperref configuration of TeXLive
)
Package hyperref Info: Hyper figures OFF on input line 4443.
Package hyperref Info: Link nesting OFF on input line 4448.
Package hyperref Info: Hyper index ON on input line 4451.
Package hyperref Info: Plain pages OFF on input line 4458.
Package hyperref Info: Backreferencing OFF on input line 4463.
Package hyperref Info: Implicit mode ON; LaTeX internals redefined.
Package hyperref Info: Bookmarks ON on input line 4688.
\c@Hy@tempcnt=\count321
LaTeX Info: Redefining \url on input line 5041.
\XeTeXLinkMargin=\dimen265
\Fld@menulength=\count322
\Field@Width=\dimen266
\Fld@charsize=\dimen267
Package hyperref Info: Hyper figures OFF on input line 6295.
Package hyperref Info: Link nesting OFF on input line 6300.
Package hyperref Info: Hyper index ON on input line 6303.
Package hyperref Info: backreferencing OFF on input line 6310.
Package hyperref Info: Link coloring OFF on input line 6315.
Package hyperref Info: Link coloring with OCG OFF on input line 6320.
Package hyperref Info: PDF/A mode OFF on input line 6325.
LaTeX Info: Redefining \ref on input line 6365.
LaTeX Info: Redefining \pageref on input line 6369.
\Hy@abspage=\count323
\c@Item=\count324
\c@Hfootnote=\count325
)

Package hyperref Message: Driver (autodetected): hpdftex.


("C:\Users\KasperLauge\AppData\Local\Programs\MiKTeX 2.9\tex\latex\hyperref\hpd
ftex.def"
File: hpdftex.def 2012/11/06 v6.83m Hyperref driver for pdfTeX
\Fld@listcount=\count326
\c@bookmark@seq@number=\count327

("C:\Users\KasperLauge\AppData\Local\Programs\MiKTeX 2.9\tex\latex\oberdiek\rer
unfilecheck.sty"
Package: rerunfilecheck 2011/04/15 v1.7 Rerun checks for auxiliary files (HO)
Package uniquecounter Info: New unique counter `rerunfilecheck' on input line 2
82.
)
\Hy@SectionHShift=\skip81
)

Package hyperref Warning: Option `pdfpagelabels' has already been used,
(hyperref)                setting the option has no effect on input line 166.

Package hyperref Info: Option `plainpages' set `false' on input line 166.
Package hyperref Info: Option `bookmarksnumbered' set `true' on input line 166.

Package hyperref Info: Option `colorlinks' set `false' on input line 166.
) (setup/hyphenations.tex) (setup/macros.tex
\c@currexactr=\count328
\c@endexactr=\count329
\c@exa=\count330
)
Package biblatex Info: Trying to load language 'danish'...
Package biblatex Info: ... file 'danish.lbx' found.

("C:\Users\KasperLauge\AppData\Local\Programs\MiKTeX 2.9\tex\latex\biblatex\lbx
\danish.lbx"
File: danish.lbx 2015/12/22 v3.2 biblatex localization (PK/JW/AB)
)

Package biblatex Warning: 'babel/polyglossia' detected but 'csquotes' missing.
(biblatex)                Loading 'csquotes' recommended.

\@quotelevel=\count331
\@quotereset=\count332
(master.aux)
\openout1 = `master.aux'.

LaTeX Font Info:    Checking defaults for OML/cmm/m/it on input line 9.
LaTeX Font Info:    ... okay on input line 9.
LaTeX Font Info:    Checking defaults for T1/cmr/m/n on input line 9.
LaTeX Font Info:    ... okay on input line 9.
LaTeX Font Info:    Checking defaults for OT1/cmr/m/n on input line 9.
LaTeX Font Info:    ... okay on input line 9.
LaTeX Font Info:    Checking defaults for OMS/cmsy/m/n on input line 9.
LaTeX Font Info:    ... okay on input line 9.
LaTeX Font Info:    Checking defaults for OMX/cmex/m/n on input line 9.
LaTeX Font Info:    ... okay on input line 9.
LaTeX Font Info:    Checking defaults for U/cmr/m/n on input line 9.
LaTeX Font Info:    ... okay on input line 9.
LaTeX Font Info:    Checking defaults for PD1/pdf/m/n on input line 9.
LaTeX Font Info:    ... okay on input line 9.
LaTeX Font Info:    Try loading font information for T1+pplx on input line 9.

("C:\Users\KasperLauge\AppData\Local\Programs\MiKTeX 2.9\tex\latex\psnfss\t1ppl
x.fd"
File: t1pplx.fd 2004/09/06 font definitions for T1/pplx.
)
("C:\Users\KasperLauge\AppData\Local\Programs\MiKTeX 2.9\tex\context\base\supp-
pdf.mkii"
[Loading MPS to PDF converter (version 2006.09.02).]
\scratchcounter=\count333
\scratchdimen=\dimen268
\scratchbox=\box42
\nofMPsegments=\count334
\nofMParguments=\count335
\everyMPshowfont=\toks60
\MPscratchCnt=\count336
\MPscratchDim=\dimen269
\MPnumerator=\count337
\makeMPintoPDFobject=\count338
\everyMPtoPDFconversion=\toks61
)
Package caption Info: Begin \AtBeginDocument code.
Package caption Info: hyperref package is loaded.
Package caption Info: End \AtBeginDocument code.

*geometry* driver: auto-detecting
*geometry* detected driver: pdftex
*geometry* verbose mode - [ preamble ] result:
* driver: pdftex
* paper: a4paper
* layout: <same size as paper>
* layoutoffset:(h,v)=(0.0pt,0.0pt)
* modes: 
* h-part:(L,W,R)=(79.66771pt, 401.18387pt, 116.6563pt)
* v-part:(T,H,B)=(101.40665pt, 591.5302pt, 152.11pt)
* \paperwidth=597.50787pt
* \paperheight=845.04684pt
* \textwidth=401.18387pt
* \textheight=591.5302pt
* \oddsidemargin=7.39772pt
* \evensidemargin=7.39772pt
* \topmargin=-7.86334pt
* \headheight=12.0pt
* \headsep=25.0pt
* \topskip=11.0pt
* \footskip=30.0pt
* \marginparwidth=50.0pt
* \marginparsep=10.0pt
* \columnsep=10.0pt
* \skip\footins=10.0pt plus 4.0pt minus 2.0pt
* \hoffset=0.0pt
* \voffset=0.0pt
* \mag=1000
* \@twocolumnfalse
* \@twosidefalse
* \@mparswitchfalse
* \@reversemarginfalse
* (1in=72.27pt=25.4mm, 1cm=28.453pt)

Package biblatex Info: Input encoding 'utf8' detected.
Package biblatex Info: Data encoding 'utf8' specified.
(biblatex)             No need to reencode data.

Package biblatex Warning: Data encoding is 'utf8'.
(biblatex)                Use backend=biber.

\openout3 = `master-blx.bib'.

Package biblatex Info: Trying to load bibliographic data...
Package biblatex Info: ... file 'master.bbl' not found.
No file master.bbl.
Package biblatex Info: Reference section=0 on input line 9.
Package biblatex Info: Reference segment=0 on input line 9.
Package lastpage Info: Please have a look at the pageslts package at
(lastpage)             https://www.ctan.org/pkg/pageslts
(lastpage)             ! on input line 9.
ABD: EveryShipout initializing macros
\AtBeginShipoutBox=\box43
Package hyperref Info: Link coloring OFF on input line 9.

("C:\Users\KasperLauge\AppData\Local\Programs\MiKTeX 2.9\tex\latex\hyperref\nam
eref.sty"
Package: nameref 2012/10/27 v2.43 Cross-referencing by name of section

("C:\Users\KasperLauge\AppData\Local\Programs\MiKTeX 2.9\tex\generic\oberdiek\g
ettitlestring.sty"
Package: gettitlestring 2010/12/03 v1.4 Cleanup title references (HO)
)
\c@section@level=\count339
)
LaTeX Info: Redefining \ref on input line 9.
LaTeX Info: Redefining \pageref on input line 9.
LaTeX Info: Redefining \nameref on input line 9.
 (master.out) (master.out)
\@outlinefile=\write5
\openout5 = `master.out'.

 (sections/frontpage.tex
<figures/forside.jpg, id=78, 500.62032pt x 145.29282pt>
File: figures/forside.jpg Graphic file (type jpg)

<use figures/forside.jpg>
Package pdftex.def Info: figures/forside.jpg used on input line 20.
(pdftex.def)             Requested size: 398.33858pt x 115.61363pt.
LaTeX Font Info:    Font shape `T1/pplx/bx/n' in size <20.74> not available
(Font)              Font shape `T1/pplx/b/n' tried instead on input line 25.
LaTeX Font Info:    Try loading font information for OT1+pplx on input line 39.


("C:\Users\KasperLauge\AppData\Local\Programs\MiKTeX 2.9\tex\latex\psnfss\ot1pp
lx.fd"
File: ot1pplx.fd 2004/09/06 font definitions for OT1/pplx.
)
LaTeX Font Info:    Try loading font information for OML+zplm on input line 39.


("C:\Users\KasperLauge\AppData\Local\Programs\MiKTeX 2.9\tex\latex\psnfss\omlzp
lm.fd"
File: omlzplm.fd 2002/09/08 Fontinst v1.914 font definitions for OML/zplm.
)
LaTeX Font Info:    Try loading font information for OMS+zplm on input line 39.


("C:\Users\KasperLauge\AppData\Local\Programs\MiKTeX 2.9\tex\latex\psnfss\omszp
lm.fd"
File: omszplm.fd 2002/09/08 Fontinst v1.914 font definitions for OMS/zplm.
)
LaTeX Font Info:    Try loading font information for OMX+zplm on input line 39.


("C:\Users\KasperLauge\AppData\Local\Programs\MiKTeX 2.9\tex\latex\psnfss\omxzp
lm.fd"
File: omxzplm.fd 2002/09/08 Fontinst v1.914 font definitions for OMX/zplm.
)
LaTeX Font Info:    Try loading font information for OT1+zplm on input line 39.


("C:\Users\KasperLauge\AppData\Local\Programs\MiKTeX 2.9\tex\latex\psnfss\ot1zp
lm.fd"
File: ot1zplm.fd 2002/09/08 Fontinst v1.914 font definitions for OT1/zplm.
)
LaTeX Font Info:    Font shape `U/msa/m/n' will be
(Font)              scaled to size 11.40997pt on input line 39.
LaTeX Font Info:    Font shape `U/msa/m/n' will be
(Font)              scaled to size 8.33606pt on input line 39.
LaTeX Font Info:    Font shape `U/msa/m/n' will be
(Font)              scaled to size 6.25204pt on input line 39.
LaTeX Font Info:    Font shape `U/msb/m/n' will be
(Font)              scaled to size 11.40997pt on input line 39.
LaTeX Font Info:    Font shape `U/msb/m/n' will be
(Font)              scaled to size 8.33606pt on input line 39.
LaTeX Font Info:    Font shape `U/msb/m/n' will be
(Font)              scaled to size 6.25204pt on input line 39.
Package babel Info: Redefining danish shorthand "|
(babel)             in language  on input line 67.
Package babel Info: Redefining danish shorthand "~
(babel)             in language  on input line 67.
Package babel Info: Redefining danish shorthand "|
(babel)             in language  on input line 67.
Package babel Info: Redefining danish shorthand "~
(babel)             in language  on input line 67.
 [1

{C:/Users/KasperLauge/AppData/Local/MiKTeX/2.9/pdftex/config/pdftex.map} <./fig
ures/forside.jpg>])
Package babel Info: Redefining danish shorthand "|
(babel)             in language  on input line 13.
Package babel Info: Redefining danish shorthand "~
(babel)             in language  on input line 13.
 (master.toc
LaTeX Font Info:    Font shape `T1/pplx/bx/n' in size <10.95> not available
(Font)              Font shape `T1/pplx/b/n' tried instead on input line 5.
)
\tf@toc=\write6
\openout6 = `master.toc'.

 (sections/introduction.tex
Package babel Info: Redefining danish shorthand "|
(babel)             in language  on input line 1.
Package babel Info: Redefining danish shorthand "~
(babel)             in language  on input line 1.
Package babel Info: Redefining danish shorthand "|
(babel)             in language  on input line 1.
Package babel Info: Redefining danish shorthand "~
(babel)             in language  on input line 1.
pdfTeX warning (ext4): destination with the same identifier (name{page.1}) has 
been already used, duplicate ignored
<to be read again> 
                   \relax 
l.1 \chapter
            {Indledning}\label{ch:introduction} [1

]
Kapitel 1.
Package babel Info: Redefining danish shorthand "|
(babel)             in language  on input line 1.
Package babel Info: Redefining danish shorthand "~
(babel)             in language  on input line 1.
LaTeX Font Info:    Try loading font information for OMS+pplx on input line 7.
LaTeX Font Info:    No file OMSpplx.fd. on input line 7.

LaTeX Font Warning: Font shape `OMS/pplx/m/n' undefined
(Font)              using `OMS/cmsy/m/n' instead
(Font)              for symbol `textbullet' on input line 7.

) (sections/analysebeskrivelse.tex
Package babel Info: Redefining danish shorthand "|
(babel)             in language  on input line 1.
Package babel Info: Redefining danish shorthand "~
(babel)             in language  on input line 1.
Package babel Info: Redefining danish shorthand "|
(babel)             in language  on input line 1.
Package babel Info: Redefining danish shorthand "~
(babel)             in language  on input line 1.
 [2

]
Kapitel 2.
Package babel Info: Redefining danish shorthand "|
(babel)             in language  on input line 1.
Package babel Info: Redefining danish shorthand "~
(babel)             in language  on input line 1.
LaTeX Font Info:    Font shape `T1/pplx/bx/n' in size <12> not available
(Font)              Font shape `T1/pplx/b/n' tried instead on input line 11.

Package hyperref Warning: Difference (2) between bookmark levels is greater 
(hyperref)                than one, level fixed on input line 11.

Package babel Info: Redefining danish shorthand "|
(babel)             in language  on input line 11.
Package babel Info: Redefining danish shorthand "~
(babel)             in language  on input line 11.
Package babel Info: Redefining danish shorthand "|
(babel)             in language  on input line 13.
Package babel Info: Redefining danish shorthand "~
(babel)             in language  on input line 13.
Package babel Info: Redefining danish shorthand "|
(babel)             in language  on input line 17.
Package babel Info: Redefining danish shorthand "~
(babel)             in language  on input line 17.
Package babel Info: Redefining danish shorthand "|
(babel)             in language  on input line 22.
Package babel Info: Redefining danish shorthand "~
(babel)             in language  on input line 22.
) (sections/analyse.tex
Package babel Info: Redefining danish shorthand "|
(babel)             in language  on input line 1.
Package babel Info: Redefining danish shorthand "~
(babel)             in language  on input line 1.
Package babel Info: Redefining danish shorthand "|
(babel)             in language  on input line 1.
Package babel Info: Redefining danish shorthand "~
(babel)             in language  on input line 1.
 [3

]
Kapitel 3.
Package babel Info: Redefining danish shorthand "|
(babel)             in language  on input line 1.
Package babel Info: Redefining danish shorthand "~
(babel)             in language  on input line 1.
LaTeX Font Info:    Font shape `T1/pplx/bx/n' in size <14.4> not available
(Font)              Font shape `T1/pplx/b/n' tried instead on input line 5.
Package babel Info: Redefining danish shorthand "|
(babel)             in language  on input line 5.
Package babel Info: Redefining danish shorthand "~
(babel)             in language  on input line 5.
<figures/Motor/original.jpg, id=119, 702.625pt x 526.96875pt>
File: figures/Motor/original.jpg Graphic file (type jpg)

<use figures/Motor/original.jpg>
Package pdftex.def Info: figures/Motor/original.jpg used on input line 9.
(pdftex.def)             Requested size: 512.1496pt x 384.14525pt.

Overfull \hbox (110.96573pt too wide) in paragraph at lines 9--10
 [][] 
 []

LaTeX Font Info:    Font shape `T1/pplx/bx/n' in size <9> not available
(Font)              Font shape `T1/pplx/b/n' tried instead on input line 10.
<figures/Motor/DFT.jpg, id=120, 702.625pt x 526.96875pt>
File: figures/Motor/DFT.jpg Graphic file (type jpg)

<use figures/Motor/DFT.jpg>
Package pdftex.def Info: figures/Motor/DFT.jpg used on input line 16.
(pdftex.def)             Requested size: 512.1496pt x 384.14525pt.

Overfull \hbox (110.96573pt too wide) in paragraph at lines 16--17
 [][] 
 []

Package babel Info: Redefining danish shorthand "|
(babel)             in language  on input line 20.
Package babel Info: Redefining danish shorthand "~
(babel)             in language  on input line 20.
Package babel Info: Redefining danish shorthand "|
(babel)             in language  on input line 20.
Package babel Info: Redefining danish shorthand "~
(babel)             in language  on input line 20.
[4

 <./figures/Motor/original.jpg>]
<figures/Motor/hanning.jpg, id=126, 702.625pt x 526.96875pt>
File: figures/Motor/hanning.jpg Graphic file (type jpg)

<use figures/Motor/hanning.jpg>
Package pdftex.def Info: figures/Motor/hanning.jpg used on input line 23.
(pdftex.def)             Requested size: 512.1496pt x 384.14525pt.

Overfull \hbox (110.96573pt too wide) in paragraph at lines 23--24
 [][] 
 []


Package Fancyhdr Warning: \headheight is too small (12.0pt): 
 Make it at least 13.59999pt.
 We now make it that large for the rest of the document.
 This may cause the page layout to be inconsistent, however.

Package babel Info: Redefining danish shorthand "|
(babel)             in language  on input line 27.
Package babel Info: Redefining danish shorthand "~
(babel)             in language  on input line 27.
Package babel Info: Redefining danish shorthand "|
(babel)             in language  on input line 27.
Package babel Info: Redefining danish shorthand "~
(babel)             in language  on input line 27.
[5 <./figures/Motor/DFT.jpg>]
<figures/Motor/udglattet.jpg, id=132, 1927.2pt x 941.5175pt>
File: figures/Motor/udglattet.jpg Graphic file (type jpg)

<use figures/Motor/udglattet.jpg>
Package pdftex.def Info: figures/Motor/udglattet.jpg used on input line 30.
(pdftex.def)             Requested size: 512.1496pt x 250.2049pt.

Overfull \hbox (110.96573pt too wide) in paragraph at lines 30--31
 [][] 
 []


Package Fancyhdr Warning: \headheight is too small (12.0pt): 
 Make it at least 13.59999pt.
 We now make it that large for the rest of the document.
 This may cause the page layout to be inconsistent, however.

Package babel Info: Redefining danish shorthand "|
(babel)             in language  on input line 34.
Package babel Info: Redefining danish shorthand "~
(babel)             in language  on input line 34.
Package babel Info: Redefining danish shorthand "|
(babel)             in language  on input line 34.
Package babel Info: Redefining danish shorthand "~
(babel)             in language  on input line 34.
[6 <./figures/Motor/hanning.jpg>]
Package babel Info: Redefining danish shorthand "|
(babel)             in language  on input line 35.
Package babel Info: Redefining danish shorthand "~
(babel)             in language  on input line 35.

<figures/Piano/original.jpg, id=139, 702.625pt x 526.96875pt>
File: figures/Piano/original.jpg Graphic file (type jpg)

<use figures/Piano/original.jpg>
Package pdftex.def Info: figures/Piano/original.jpg used on input line 39.
(pdftex.def)             Requested size: 512.1496pt x 384.14525pt.

Overfull \hbox (110.96573pt too wide) in paragraph at lines 39--40
 [][] 
 []


Package Fancyhdr Warning: \headheight is too small (12.0pt): 
 Make it at least 13.59999pt.
 We now make it that large for the rest of the document.
 This may cause the page layout to be inconsistent, however.

Package babel Info: Redefining danish shorthand "|
(babel)             in language  on input line 43.
Package babel Info: Redefining danish shorthand "~
(babel)             in language  on input line 43.
Package babel Info: Redefining danish shorthand "|
(babel)             in language  on input line 43.
Package babel Info: Redefining danish shorthand "~
(babel)             in language  on input line 43.
[7 <./figures/Motor/udglattet.jpg>]
<figures/Piano/DFT.jpg, id=145, 702.625pt x 526.96875pt>
File: figures/Piano/DFT.jpg Graphic file (type jpg)

<use figures/Piano/DFT.jpg>
Package pdftex.def Info: figures/Piano/DFT.jpg used on input line 46.
(pdftex.def)             Requested size: 512.1496pt x 384.14525pt.

Overfull \hbox (110.96573pt too wide) in paragraph at lines 46--47
 [][] 
 []


Package Fancyhdr Warning: \headheight is too small (12.0pt): 
 Make it at least 13.59999pt.
 We now make it that large for the rest of the document.
 This may cause the page layout to be inconsistent, however.

Package babel Info: Redefining danish shorthand "|
(babel)             in language  on input line 50.
Package babel Info: Redefining danish shorthand "~
(babel)             in language  on input line 50.
Package babel Info: Redefining danish shorthand "|
(babel)             in language  on input line 50.
Package babel Info: Redefining danish shorthand "~
(babel)             in language  on input line 50.
[8 <./figures/Piano/original.jpg>]
<figures/Piano/hanning.jpg, id=151, 702.625pt x 526.96875pt>
File: figures/Piano/hanning.jpg Graphic file (type jpg)

<use figures/Piano/hanning.jpg>
Package pdftex.def Info: figures/Piano/hanning.jpg used on input line 53.
(pdftex.def)             Requested size: 512.1496pt x 384.14525pt.

Overfull \hbox (110.96573pt too wide) in paragraph at lines 53--54
 [][] 
 []


Package Fancyhdr Warning: \headheight is too small (12.0pt): 
 Make it at least 13.59999pt.
 We now make it that large for the rest of the document.
 This may cause the page layout to be inconsistent, however.

Package babel Info: Redefining danish shorthand "|
(babel)             in language  on input line 57.
Package babel Info: Redefining danish shorthand "~
(babel)             in language  on input line 57.
Package babel Info: Redefining danish shorthand "|
(babel)             in language  on input line 57.
Package babel Info: Redefining danish shorthand "~
(babel)             in language  on input line 57.
[9 <./figures/Piano/DFT.jpg>]
<figures/Piano/udglattet.jpg, id=157, 702.625pt x 526.96875pt>
File: figures/Piano/udglattet.jpg Graphic file (type jpg)

<use figures/Piano/udglattet.jpg>
Package pdftex.def Info: figures/Piano/udglattet.jpg used on input line 60.
(pdftex.def)             Requested size: 512.1496pt x 384.14525pt.

Overfull \hbox (110.96573pt too wide) in paragraph at lines 60--61
 [][] 
 []


Package Fancyhdr Warning: \headheight is too small (12.0pt): 
 Make it at least 13.59999pt.
 We now make it that large for the rest of the document.
 This may cause the page layout to be inconsistent, however.

Package babel Info: Redefining danish shorthand "|
(babel)             in language  on input line 64.
Package babel Info: Redefining danish shorthand "~
(babel)             in language  on input line 64.
Package babel Info: Redefining danish shorthand "|
(babel)             in language  on input line 64.
Package babel Info: Redefining danish shorthand "~
(babel)             in language  on input line 64.
[10 <./figures/Piano/hanning.jpg>]

Package Fancyhdr Warning: \headheight is too small (12.0pt): 
 Make it at least 13.59999pt.
 We now make it that large for the rest of the document.
 This may cause the page layout to be inconsistent, however.

Package babel Info: Redefining danish shorthand "|
(babel)             in language  on input line 64.
Package babel Info: Redefining danish shorthand "~
(babel)             in language  on input line 64.
Package babel Info: Redefining danish shorthand "|
(babel)             in language  on input line 64.
Package babel Info: Redefining danish shorthand "~
(babel)             in language  on input line 64.
[11 <./figures/Piano/udglattet.jpg>]
Package babel Info: Redefining danish shorthand "|
(babel)             in language  on input line 66.
Package babel Info: Redefining danish shorthand "~
(babel)             in language  on input line 66.

<figures/Symfoni/original.jpg, id=168, 702.625pt x 526.96875pt>
File: figures/Symfoni/original.jpg Graphic file (type jpg)

<use figures/Symfoni/original.jpg>
Package pdftex.def Info: figures/Symfoni/original.jpg used on input line 70.
(pdftex.def)             Requested size: 512.1496pt x 384.14525pt.

Overfull \hbox (110.96573pt too wide) in paragraph at lines 70--71
 [][] 
 []

<figures/Symfoni/DFT.jpg, id=169, 702.625pt x 526.96875pt>
File: figures/Symfoni/DFT.jpg Graphic file (type jpg)

<use figures/Symfoni/DFT.jpg>
Package pdftex.def Info: figures/Symfoni/DFT.jpg used on input line 77.
(pdftex.def)             Requested size: 512.1496pt x 384.14525pt.

Overfull \hbox (110.96573pt too wide) in paragraph at lines 77--78
 [][] 
 []


Package Fancyhdr Warning: \headheight is too small (12.0pt): 
 Make it at least 13.59999pt.
 We now make it that large for the rest of the document.
 This may cause the page layout to be inconsistent, however.

Package babel Info: Redefining danish shorthand "|
(babel)             in language  on input line 81.
Package babel Info: Redefining danish shorthand "~
(babel)             in language  on input line 81.
Package babel Info: Redefining danish shorthand "|
(babel)             in language  on input line 81.
Package babel Info: Redefining danish shorthand "~
(babel)             in language  on input line 81.
[12 <./figures/Symfoni/original.jpg>]
<figures/Symfoni/hanning.jpg, id=176, 702.625pt x 526.96875pt>
File: figures/Symfoni/hanning.jpg Graphic file (type jpg)

<use figures/Symfoni/hanning.jpg>
Package pdftex.def Info: figures/Symfoni/hanning.jpg used on input line 84.
(pdftex.def)             Requested size: 512.1496pt x 384.14525pt.

Overfull \hbox (110.96573pt too wide) in paragraph at lines 84--85
 [][] 
 []


Package Fancyhdr Warning: \headheight is too small (12.0pt): 
 Make it at least 13.59999pt.
 We now make it that large for the rest of the document.
 This may cause the page layout to be inconsistent, however.

Package babel Info: Redefining danish shorthand "|
(babel)             in language  on input line 88.
Package babel Info: Redefining danish shorthand "~
(babel)             in language  on input line 88.
Package babel Info: Redefining danish shorthand "|
(babel)             in language  on input line 88.
Package babel Info: Redefining danish shorthand "~
(babel)             in language  on input line 88.
[13 <./figures/Symfoni/DFT.jpg>]
<figures/Symfoni/udglattet.jpg, id=182, 702.625pt x 526.96875pt>
File: figures/Symfoni/udglattet.jpg Graphic file (type jpg)

<use figures/Symfoni/udglattet.jpg>
Package pdftex.def Info: figures/Symfoni/udglattet.jpg used on input line 91.
(pdftex.def)             Requested size: 512.1496pt x 384.14525pt.

Overfull \hbox (110.96573pt too wide) in paragraph at lines 91--92
 [][] 
 []


Package Fancyhdr Warning: \headheight is too small (12.0pt): 
 Make it at least 13.59999pt.
 We now make it that large for the rest of the document.
 This may cause the page layout to be inconsistent, however.

Package babel Info: Redefining danish shorthand "|
(babel)             in language  on input line 95.
Package babel Info: Redefining danish shorthand "~
(babel)             in language  on input line 95.
Package babel Info: Redefining danish shorthand "|
(babel)             in language  on input line 95.
Package babel Info: Redefining danish shorthand "~
(babel)             in language  on input line 95.
[14 <./figures/Symfoni/hanning.jpg>]
Package babel Info: Redefining danish shorthand "|
(babel)             in language  on input line 96.
Package babel Info: Redefining danish shorthand "~
(babel)             in language  on input line 96.

<figures/Bass/original.jpg, id=188, 702.625pt x 526.96875pt>
File: figures/Bass/original.jpg Graphic file (type jpg)

<use figures/Bass/original.jpg>
Package pdftex.def Info: figures/Bass/original.jpg used on input line 100.
(pdftex.def)             Requested size: 512.1496pt x 384.14525pt.

Overfull \hbox (110.96573pt too wide) in paragraph at lines 100--101
 [][] 
 []


Package Fancyhdr Warning: \headheight is too small (12.0pt): 
 Make it at least 13.59999pt.
 We now make it that large for the rest of the document.
 This may cause the page layout to be inconsistent, however.

Package babel Info: Redefining danish shorthand "|
(babel)             in language  on input line 104.
Package babel Info: Redefining danish shorthand "~
(babel)             in language  on input line 104.
Package babel Info: Redefining danish shorthand "|
(babel)             in language  on input line 104.
Package babel Info: Redefining danish shorthand "~
(babel)             in language  on input line 104.
[15 <./figures/Symfoni/udglattet.jpg>]
<figures/Bass/DFT.jpg, id=194, 702.625pt x 526.96875pt>
File: figures/Bass/DFT.jpg Graphic file (type jpg)

<use figures/Bass/DFT.jpg>
Package pdftex.def Info: figures/Bass/DFT.jpg used on input line 107.
(pdftex.def)             Requested size: 512.1496pt x 384.14525pt.

Overfull \hbox (110.96573pt too wide) in paragraph at lines 107--108
 [][] 
 []


Package Fancyhdr Warning: \headheight is too small (12.0pt): 
 Make it at least 13.59999pt.
 We now make it that large for the rest of the document.
 This may cause the page layout to be inconsistent, however.

Package babel Info: Redefining danish shorthand "|
(babel)             in language  on input line 111.
Package babel Info: Redefining danish shorthand "~
(babel)             in language  on input line 111.
Package babel Info: Redefining danish shorthand "|
(babel)             in language  on input line 111.
Package babel Info: Redefining danish shorthand "~
(babel)             in language  on input line 111.
[16 <./figures/Bass/original.jpg>]
<figures/Bass/hanning.jpg, id=200, 702.625pt x 526.96875pt>
File: figures/Bass/hanning.jpg Graphic file (type jpg)

<use figures/Bass/hanning.jpg>
Package pdftex.def Info: figures/Bass/hanning.jpg used on input line 114.
(pdftex.def)             Requested size: 512.1496pt x 384.14525pt.

Overfull \hbox (110.96573pt too wide) in paragraph at lines 114--115
 [][] 
 []


Package Fancyhdr Warning: \headheight is too small (12.0pt): 
 Make it at least 13.59999pt.
 We now make it that large for the rest of the document.
 This may cause the page layout to be inconsistent, however.

Package babel Info: Redefining danish shorthand "|
(babel)             in language  on input line 118.
Package babel Info: Redefining danish shorthand "~
(babel)             in language  on input line 118.
Package babel Info: Redefining danish shorthand "|
(babel)             in language  on input line 118.
Package babel Info: Redefining danish shorthand "~
(babel)             in language  on input line 118.
[17 <./figures/Bass/DFT.jpg>]
<figures/Bass/udglattet.jpg, id=206, 702.625pt x 526.96875pt>
File: figures/Bass/udglattet.jpg Graphic file (type jpg)

<use figures/Bass/udglattet.jpg>
Package pdftex.def Info: figures/Bass/udglattet.jpg used on input line 121.
(pdftex.def)             Requested size: 512.1496pt x 384.14525pt.

Overfull \hbox (110.96573pt too wide) in paragraph at lines 121--122
 [][] 
 []


Package Fancyhdr Warning: \headheight is too small (12.0pt): 
 Make it at least 13.59999pt.
 We now make it that large for the rest of the document.
 This may cause the page layout to be inconsistent, however.

Package babel Info: Redefining danish shorthand "|
(babel)             in language  on input line 125.
Package babel Info: Redefining danish shorthand "~
(babel)             in language  on input line 125.
Package babel Info: Redefining danish shorthand "|
(babel)             in language  on input line 125.
Package babel Info: Redefining danish shorthand "~
(babel)             in language  on input line 125.
[18 <./figures/Bass/hanning.jpg>]
Package babel Info: Redefining danish shorthand "|
(babel)             in language  on input line 128.
Package babel Info: Redefining danish shorthand "~
(babel)             in language  on input line 128.

<figures/Vinglas/original.jpg, id=213, 702.625pt x 526.96875pt>
File: figures/Vinglas/original.jpg Graphic file (type jpg)

<use figures/Vinglas/original.jpg>
Package pdftex.def Info: figures/Vinglas/original.jpg used on input line 131.
(pdftex.def)             Requested size: 512.1496pt x 384.14525pt.

Overfull \hbox (110.96573pt too wide) in paragraph at lines 131--132
 [][] 
 []


Package Fancyhdr Warning: \headheight is too small (12.0pt): 
 Make it at least 13.59999pt.
 We now make it that large for the rest of the document.
 This may cause the page layout to be inconsistent, however.

Package babel Info: Redefining danish shorthand "|
(babel)             in language  on input line 135.
Package babel Info: Redefining danish shorthand "~
(babel)             in language  on input line 135.
Package babel Info: Redefining danish shorthand "|
(babel)             in language  on input line 135.
Package babel Info: Redefining danish shorthand "~
(babel)             in language  on input line 135.
[19 <./figures/Bass/udglattet.jpg>]
<figures/Vinglas/DFT.jpg, id=219, 702.625pt x 526.96875pt>
File: figures/Vinglas/DFT.jpg Graphic file (type jpg)

<use figures/Vinglas/DFT.jpg>
Package pdftex.def Info: figures/Vinglas/DFT.jpg used on input line 138.
(pdftex.def)             Requested size: 512.1496pt x 384.14525pt.

Overfull \hbox (110.96573pt too wide) in paragraph at lines 138--139
 [][] 
 []


Package Fancyhdr Warning: \headheight is too small (12.0pt): 
 Make it at least 13.59999pt.
 We now make it that large for the rest of the document.
 This may cause the page layout to be inconsistent, however.

Package babel Info: Redefining danish shorthand "|
(babel)             in language  on input line 142.
Package babel Info: Redefining danish shorthand "~
(babel)             in language  on input line 142.
Package babel Info: Redefining danish shorthand "|
(babel)             in language  on input line 142.
Package babel Info: Redefining danish shorthand "~
(babel)             in language  on input line 142.
[20 <./figures/Vinglas/original.jpg>]
<figures/Vinglas/hanning.jpg, id=225, 702.625pt x 526.96875pt>
File: figures/Vinglas/hanning.jpg Graphic file (type jpg)

<use figures/Vinglas/hanning.jpg>
Package pdftex.def Info: figures/Vinglas/hanning.jpg used on input line 145.
(pdftex.def)             Requested size: 512.1496pt x 384.14525pt.

Overfull \hbox (110.96573pt too wide) in paragraph at lines 145--146
 [][] 
 []


Package Fancyhdr Warning: \headheight is too small (12.0pt): 
 Make it at least 13.59999pt.
 We now make it that large for the rest of the document.
 This may cause the page layout to be inconsistent, however.

Package babel Info: Redefining danish shorthand "|
(babel)             in language  on input line 149.
Package babel Info: Redefining danish shorthand "~
(babel)             in language  on input line 149.
Package babel Info: Redefining danish shorthand "|
(babel)             in language  on input line 149.
Package babel Info: Redefining danish shorthand "~
(babel)             in language  on input line 149.
[21 <./figures/Vinglas/DFT.jpg>]
Package babel Info: Redefining danish shorthand "|
(babel)             in language  on input line 152.
Package babel Info: Redefining danish shorthand "~
(babel)             in language  on input line 152.
Package babel Info: Redefining danish shorthand "|
(babel)             in language  on input line 156.
Package babel Info: Redefining danish shorthand "~
(babel)             in language  on input line 156.
Package babel Info: Redefining danish shorthand "|
(babel)             in language  on input line 159.
Package babel Info: Redefining danish shorthand "~
(babel)             in language  on input line 159.
) (sections/Resultat.tex

Package Fancyhdr Warning: \headheight is too small (12.0pt): 
 Make it at least 13.59999pt.
 We now make it that large for the rest of the document.
 This may cause the page layout to be inconsistent, however.

Package babel Info: Redefining danish shorthand "|
(babel)             in language  on input line 1.
Package babel Info: Redefining danish shorthand "~
(babel)             in language  on input line 1.
Package babel Info: Redefining danish shorthand "|
(babel)             in language  on input line 1.
Package babel Info: Redefining danish shorthand "~
(babel)             in language  on input line 1.
[22 <./figures/Vinglas/hanning.jpg>]
Kapitel 4.
Package babel Info: Redefining danish shorthand "|
(babel)             in language  on input line 1.
Package babel Info: Redefining danish shorthand "~
(babel)             in language  on input line 1.
) (sections/conclusion.tex
Package babel Info: Redefining danish shorthand "|
(babel)             in language  on input line 1.
Package babel Info: Redefining danish shorthand "~
(babel)             in language  on input line 1.
Package babel Info: Redefining danish shorthand "|
(babel)             in language  on input line 1.
Package babel Info: Redefining danish shorthand "~
(babel)             in language  on input line 1.
 [23

]
Kapitel 5.
Package babel Info: Redefining danish shorthand "|
(babel)             in language  on input line 1.
Package babel Info: Redefining danish shorthand "~
(babel)             in language  on input line 1.
)

LaTeX Warning: Empty bibliography on input line 22.

\tf@thm=\write7
\openout7 = `master.thm'.


AED: lastpage setting LastPage
Package babel Info: Redefining danish shorthand "|
(babel)             in language  on input line 25.
Package babel Info: Redefining danish shorthand "~
(babel)             in language  on input line 25.
Package babel Info: Redefining danish shorthand "|
(babel)             in language  on input line 25.
Package babel Info: Redefining danish shorthand "~
(babel)             in language  on input line 25.
[24

]
Package babel Info: Redefining danish shorthand "|
(babel)             in language  on input line 25.
Package babel Info: Redefining danish shorthand "~
(babel)             in language  on input line 25.
Package atveryend Info: Empty hook `BeforeClearDocument' on input line 25.
Package atveryend Info: Empty hook `AfterLastShipout' on input line 25.
 (master.aux)
Package atveryend Info: Executing hook `AtVeryEndDocument' on input line 25.
Package atveryend Info: Executing hook `AtEndAfterFileList' on input line 25.
Package rerunfilecheck Info: File `master.out' has not changed.
(rerunfilecheck)             Checksum: 52CC6A6A66A4EC4B62B6656243DCF0F2;1095.


LaTeX Font Warning: Some font shapes were not available, defaults substituted.

Package logreq Info: Writing requests to 'master.run.xml'.
\openout1 = `master.run.xml'.

 ) 
Here is how much of TeX's memory you used:
 24496 strings out of 493634
 446414 string characters out of 3132791
 759017 words of memory out of 3000000
 27320 multiletter control sequences out of 15000+200000
 58037 words of font info for 84 fonts, out of 3000000 for 9000
 1030 hyphenation exceptions out of 8191
 64i,11n,77p,897b,1431s stack positions out of 5000i,500n,10000p,200000b,50000s
{C:/Users/KasperLauge/AppData/Local/Programs/MiKTeX 2.9/fonts/enc/dvips/fontn
ame/8r.enc}<C:/Users/KasperLauge/AppData/Local/Programs/MiKTeX 2.9/fonts/type1/
public/amsfonts/cm/cmsy10.pfb><C:/Users/KasperLauge/AppData/Local/Programs/MiKT
eX 2.9/fonts/type1/public/fpl/fplrc8a.pfb><C:/Users/KasperLauge/AppData/Local/P
rograms/MiKTeX 2.9/fonts/type1/urw/palatino/uplb8a.pfb><C:/Users/KasperLauge/Ap
pData/Local/Programs/MiKTeX 2.9/fonts/type1/urw/palatino/uplr8a.pfb><C:/Users/K
asperLauge/AppData/Local/Programs/MiKTeX 2.9/fonts/type1/urw/palatino/uplri8a.p
fb>
Output written on master.pdf (25 pages, 1094241 bytes).
PDF statistics:
 279 PDF objects out of 1000 (max. 8388607)
 64 named destinations out of 1000 (max. 500000)
 257 words of extra memory for PDF output out of 10000 (max. 10000000)

