\BOOKMARK [0][-]{label:content.0}{Content}{}% 1
\BOOKMARK [0][-]{chapter.1}{1 Indledning}{}% 2
\BOOKMARK [0][-]{chapter.2}{2 Teori}{}% 3
\BOOKMARK [1][-]{subsection.2.0.1}{2.0.1 Equalizer}{chapter.2}% 4
\BOOKMARK [2][-]{subsection.2.0.2}{2.0.2 Z-transformation}{subsection.2.0.1}% 5
\BOOKMARK [2][-]{subsection.2.0.3}{2.0.3 FIR-filtre}{subsection.2.0.1}% 6
\BOOKMARK [2][-]{subsection.2.0.4}{2.0.4 IIR-filtre}{subsection.2.0.1}% 7
\BOOKMARK [2][-]{subsection.2.0.5}{2.0.5 Hanning vindue}{subsection.2.0.1}% 8
\BOOKMARK [0][-]{chapter.3}{3 Audio Equalizer}{}% 9
\BOOKMARK [1][-]{section.3.1}{3.1 Audio Equalizer}{chapter.3}% 10
\BOOKMARK [1][-]{section.3.2}{3.2 Matlab kode for de forskellige funktioner}{chapter.3}% 11
\BOOKMARK [2][-]{subsection.3.2.1}{3.2.1 FIR-B\345ndpass funktion}{section.3.2}% 12
\BOOKMARK [2][-]{subsection.3.2.2}{3.2.2 IIR-lowpass filter}{section.3.2}% 13
\BOOKMARK [2][-]{subsection.3.2.3}{3.2.3 FIR-weight funktion}{section.3.2}% 14
\BOOKMARK [1][-]{section.3.3}{3.3 Resultat}{chapter.3}% 15
\BOOKMARK [0][-]{chapter.4}{4 Resultat og Diskussion}{}% 16
\BOOKMARK [1][-]{subsection.4.0.1}{4.0.1 V\346gtning p\345 \(0,0,100,1,1\)}{chapter.4}% 17
\BOOKMARK [2][-]{subsection.4.0.2}{4.0.2 V\346gtning p\345 \(10,100,0,1,1\)}{subsection.4.0.1}% 18
\BOOKMARK [2][-]{subsection.4.0.3}{4.0.3 V\346gtning p\345 \(100,0,0,10,100\)}{subsection.4.0.1}% 19
\BOOKMARK [2][-]{subsection.4.0.4}{4.0.4 V\346gtning p\345 \(1,10,0.1,0.1,1\)}{subsection.4.0.1}% 20
\BOOKMARK [0][-]{chapter.5}{5 Konklusion}{}% 21
