This is pdfTeX, Version 3.14159265-2.6-1.40.16 (TeX Live 2015/W32TeX) (preloaded format=pdflatex 2016.1.6)  10 MAY 2016 12:17
entering extended mode
 restricted \write18 enabled.
 %&-line parsing enabled.
**./master.tex
(./master.tex
LaTeX2e <2015/10/01> patch level 2
Babel <3.9m> and hyphenation patterns for 29 languages loaded.
(./setup/preamble.tex (d:/texlive/2015/texmf-dist/tex/latex/base/report.cls
Document Class: report 2014/09/29 v1.4h Standard LaTeX document class
(d:/texlive/2015/texmf-dist/tex/latex/base/size11.clo
File: size11.clo 2014/09/29 v1.4h Standard LaTeX file (size option)
)
\c@part=\count79
\c@chapter=\count80
\c@section=\count81
\c@subsection=\count82
\c@subsubsection=\count83
\c@paragraph=\count84
\c@subparagraph=\count85
\c@figure=\count86
\c@table=\count87
\abovecaptionskip=\skip41
\belowcaptionskip=\skip42
\bibindent=\dimen102
)
(d:/texlive/2015/texmf-dist/tex/latex/mathtools/mathtools.sty
Package: mathtools 2015/11/12 v1.18 mathematical typesetting tools

(d:/texlive/2015/texmf-dist/tex/latex/graphics/keyval.sty
Package: keyval 2014/10/28 v1.15 key=value parser (DPC)
\KV@toks@=\toks14
)
(d:/texlive/2015/texmf-dist/tex/latex/tools/calc.sty
Package: calc 2014/10/28 v4.3 Infix arithmetic (KKT,FJ)
\calc@Acount=\count88
\calc@Bcount=\count89
\calc@Adimen=\dimen103
\calc@Bdimen=\dimen104
\calc@Askip=\skip43
\calc@Bskip=\skip44
LaTeX Info: Redefining \setlength on input line 80.
LaTeX Info: Redefining \addtolength on input line 81.
\calc@Ccount=\count90
\calc@Cskip=\skip45
)
(d:/texlive/2015/texmf-dist/tex/latex/mathtools/mhsetup.sty
Package: mhsetup 2010/01/21 v1.2a programming setup (MH)
)
(d:/texlive/2015/texmf-dist/tex/latex/amsmath/amsmath.sty
Package: amsmath 2013/01/14 v2.14 AMS math features
\@mathmargin=\skip46

For additional information on amsmath, use the `?' option.
(d:/texlive/2015/texmf-dist/tex/latex/amsmath/amstext.sty
Package: amstext 2000/06/29 v2.01

(d:/texlive/2015/texmf-dist/tex/latex/amsmath/amsgen.sty
File: amsgen.sty 1999/11/30 v2.0
\@emptytoks=\toks15
\ex@=\dimen105
))
(d:/texlive/2015/texmf-dist/tex/latex/amsmath/amsbsy.sty
Package: amsbsy 1999/11/29 v1.2d
\pmbraise@=\dimen106
)
(d:/texlive/2015/texmf-dist/tex/latex/amsmath/amsopn.sty
Package: amsopn 1999/12/14 v2.01 operator names
)
\inf@bad=\count91
LaTeX Info: Redefining \frac on input line 210.
\uproot@=\count92
\leftroot@=\count93
LaTeX Info: Redefining \overline on input line 306.
\classnum@=\count94
\DOTSCASE@=\count95
LaTeX Info: Redefining \ldots on input line 378.
LaTeX Info: Redefining \dots on input line 381.
LaTeX Info: Redefining \cdots on input line 466.
\Mathstrutbox@=\box26
\strutbox@=\box27
\big@size=\dimen107
LaTeX Font Info:    Redeclaring font encoding OML on input line 566.
LaTeX Font Info:    Redeclaring font encoding OMS on input line 567.
\macc@depth=\count96
\c@MaxMatrixCols=\count97
\dotsspace@=\muskip10
\c@parentequation=\count98
\dspbrk@lvl=\count99
\tag@help=\toks16
\row@=\count100
\column@=\count101
\maxfields@=\count102
\andhelp@=\toks17
\eqnshift@=\dimen108
\alignsep@=\dimen109
\tagshift@=\dimen110
\tagwidth@=\dimen111
\totwidth@=\dimen112
\lineht@=\dimen113
\@envbody=\toks18
\multlinegap=\skip47
\multlinetaggap=\skip48
\mathdisplay@stack=\toks19
LaTeX Info: Redefining \[ on input line 2665.
LaTeX Info: Redefining \] on input line 2666.
)
LaTeX Info: Thecontrolsequence`\('isalreadyrobust on input line 129.
LaTeX Info: Thecontrolsequence`\)'isalreadyrobust on input line 129.
LaTeX Info: Thecontrolsequence`\['isalreadyrobust on input line 129.
LaTeX Info: Thecontrolsequence`\]'isalreadyrobust on input line 129.
\g_MT_multlinerow_int=\count103
\l_MT_multwidth_dim=\dimen114
\origjot=\skip49
\l_MT_shortvdotswithinadjustabove_dim=\dimen115
\l_MT_shortvdotswithinadjustbelow_dim=\dimen116
\l_MT_above_intertext_sep=\dimen117
\l_MT_below_intertext_sep=\dimen118
\l_MT_above_shortintertext_sep=\dimen119
\l_MT_below_shortintertext_sep=\dimen120
)
(d:/texlive/2015/texmf-dist/tex/latex/base/inputenc.sty
Package: inputenc 2015/03/17 v1.2c Input encoding file
\inpenc@prehook=\toks20
\inpenc@posthook=\toks21

(d:/texlive/2015/texmf-dist/tex/latex/base/utf8.def
File: utf8.def 2015/09/07 v1.1p UTF-8 support for inputenc
Now handling font encoding OML ...
... no UTF-8 mapping file for font encoding OML
Now handling font encoding T1 ...
... processing UTF-8 mapping file for font encoding T1

(d:/texlive/2015/texmf-dist/tex/latex/base/t1enc.dfu
File: t1enc.dfu 2015/09/07 v1.1p UTF-8 support for inputenc
   defining Unicode char U+00A0 (decimal 160)
   defining Unicode char U+00A1 (decimal 161)
   defining Unicode char U+00A3 (decimal 163)
   defining Unicode char U+00AB (decimal 171)
   defining Unicode char U+00AD (decimal 173)
   defining Unicode char U+00BB (decimal 187)
   defining Unicode char U+00BF (decimal 191)
   defining Unicode char U+00C0 (decimal 192)
   defining Unicode char U+00C1 (decimal 193)
   defining Unicode char U+00C2 (decimal 194)
   defining Unicode char U+00C3 (decimal 195)
   defining Unicode char U+00C4 (decimal 196)
   defining Unicode char U+00C5 (decimal 197)
   defining Unicode char U+00C6 (decimal 198)
   defining Unicode char U+00C7 (decimal 199)
   defining Unicode char U+00C8 (decimal 200)
   defining Unicode char U+00C9 (decimal 201)
   defining Unicode char U+00CA (decimal 202)
   defining Unicode char U+00CB (decimal 203)
   defining Unicode char U+00CC (decimal 204)
   defining Unicode char U+00CD (decimal 205)
   defining Unicode char U+00CE (decimal 206)
   defining Unicode char U+00CF (decimal 207)
   defining Unicode char U+00D0 (decimal 208)
   defining Unicode char U+00D1 (decimal 209)
   defining Unicode char U+00D2 (decimal 210)
   defining Unicode char U+00D3 (decimal 211)
   defining Unicode char U+00D4 (decimal 212)
   defining Unicode char U+00D5 (decimal 213)
   defining Unicode char U+00D6 (decimal 214)
   defining Unicode char U+00D8 (decimal 216)
   defining Unicode char U+00D9 (decimal 217)
   defining Unicode char U+00DA (decimal 218)
   defining Unicode char U+00DB (decimal 219)
   defining Unicode char U+00DC (decimal 220)
   defining Unicode char U+00DD (decimal 221)
   defining Unicode char U+00DE (decimal 222)
   defining Unicode char U+00DF (decimal 223)
   defining Unicode char U+00E0 (decimal 224)
   defining Unicode char U+00E1 (decimal 225)
   defining Unicode char U+00E2 (decimal 226)
   defining Unicode char U+00E3 (decimal 227)
   defining Unicode char U+00E4 (decimal 228)
   defining Unicode char U+00E5 (decimal 229)
   defining Unicode char U+00E6 (decimal 230)
   defining Unicode char U+00E7 (decimal 231)
   defining Unicode char U+00E8 (decimal 232)
   defining Unicode char U+00E9 (decimal 233)
   defining Unicode char U+00EA (decimal 234)
   defining Unicode char U+00EB (decimal 235)
   defining Unicode char U+00EC (decimal 236)
   defining Unicode char U+00ED (decimal 237)
   defining Unicode char U+00EE (decimal 238)
   defining Unicode char U+00EF (decimal 239)
   defining Unicode char U+00F0 (decimal 240)
   defining Unicode char U+00F1 (decimal 241)
   defining Unicode char U+00F2 (decimal 242)
   defining Unicode char U+00F3 (decimal 243)
   defining Unicode char U+00F4 (decimal 244)
   defining Unicode char U+00F5 (decimal 245)
   defining Unicode char U+00F6 (decimal 246)
   defining Unicode char U+00F8 (decimal 248)
   defining Unicode char U+00F9 (decimal 249)
   defining Unicode char U+00FA (decimal 250)
   defining Unicode char U+00FB (decimal 251)
   defining Unicode char U+00FC (decimal 252)
   defining Unicode char U+00FD (decimal 253)
   defining Unicode char U+00FE (decimal 254)
   defining Unicode char U+00FF (decimal 255)
   defining Unicode char U+0102 (decimal 258)
   defining Unicode char U+0103 (decimal 259)
   defining Unicode char U+0104 (decimal 260)
   defining Unicode char U+0105 (decimal 261)
   defining Unicode char U+0106 (decimal 262)
   defining Unicode char U+0107 (decimal 263)
   defining Unicode char U+010C (decimal 268)
   defining Unicode char U+010D (decimal 269)
   defining Unicode char U+010E (decimal 270)
   defining Unicode char U+010F (decimal 271)
   defining Unicode char U+0110 (decimal 272)
   defining Unicode char U+0111 (decimal 273)
   defining Unicode char U+0118 (decimal 280)
   defining Unicode char U+0119 (decimal 281)
   defining Unicode char U+011A (decimal 282)
   defining Unicode char U+011B (decimal 283)
   defining Unicode char U+011E (decimal 286)
   defining Unicode char U+011F (decimal 287)
   defining Unicode char U+0130 (decimal 304)
   defining Unicode char U+0131 (decimal 305)
   defining Unicode char U+0132 (decimal 306)
   defining Unicode char U+0133 (decimal 307)
   defining Unicode char U+0139 (decimal 313)
   defining Unicode char U+013A (decimal 314)
   defining Unicode char U+013D (decimal 317)
   defining Unicode char U+013E (decimal 318)
   defining Unicode char U+0141 (decimal 321)
   defining Unicode char U+0142 (decimal 322)
   defining Unicode char U+0143 (decimal 323)
   defining Unicode char U+0144 (decimal 324)
   defining Unicode char U+0147 (decimal 327)
   defining Unicode char U+0148 (decimal 328)
   defining Unicode char U+014A (decimal 330)
   defining Unicode char U+014B (decimal 331)
   defining Unicode char U+0150 (decimal 336)
   defining Unicode char U+0151 (decimal 337)
   defining Unicode char U+0152 (decimal 338)
   defining Unicode char U+0153 (decimal 339)
   defining Unicode char U+0154 (decimal 340)
   defining Unicode char U+0155 (decimal 341)
   defining Unicode char U+0158 (decimal 344)
   defining Unicode char U+0159 (decimal 345)
   defining Unicode char U+015A (decimal 346)
   defining Unicode char U+015B (decimal 347)
   defining Unicode char U+015E (decimal 350)
   defining Unicode char U+015F (decimal 351)
   defining Unicode char U+0160 (decimal 352)
   defining Unicode char U+0161 (decimal 353)
   defining Unicode char U+0162 (decimal 354)
   defining Unicode char U+0163 (decimal 355)
   defining Unicode char U+0164 (decimal 356)
   defining Unicode char U+0165 (decimal 357)
   defining Unicode char U+016E (decimal 366)
   defining Unicode char U+016F (decimal 367)
   defining Unicode char U+0170 (decimal 368)
   defining Unicode char U+0171 (decimal 369)
   defining Unicode char U+0174 (decimal 372)
   defining Unicode char U+0175 (decimal 373)
   defining Unicode char U+0176 (decimal 374)
   defining Unicode char U+0177 (decimal 375)
   defining Unicode char U+0178 (decimal 376)
   defining Unicode char U+0179 (decimal 377)
   defining Unicode char U+017A (decimal 378)
   defining Unicode char U+017B (decimal 379)
   defining Unicode char U+017C (decimal 380)
   defining Unicode char U+017D (decimal 381)
   defining Unicode char U+017E (decimal 382)
   defining Unicode char U+0218 (decimal 536)
   defining Unicode char U+0219 (decimal 537)
   defining Unicode char U+021A (decimal 538)
   defining Unicode char U+021B (decimal 539)
   defining Unicode char U+200C (decimal 8204)
   defining Unicode char U+2013 (decimal 8211)
   defining Unicode char U+2014 (decimal 8212)
   defining Unicode char U+2018 (decimal 8216)
   defining Unicode char U+2019 (decimal 8217)
   defining Unicode char U+201A (decimal 8218)
   defining Unicode char U+201C (decimal 8220)
   defining Unicode char U+201D (decimal 8221)
   defining Unicode char U+201E (decimal 8222)
   defining Unicode char U+2030 (decimal 8240)
   defining Unicode char U+2031 (decimal 8241)
   defining Unicode char U+2039 (decimal 8249)
   defining Unicode char U+203A (decimal 8250)
   defining Unicode char U+2423 (decimal 9251)
)
Now handling font encoding OT1 ...
... processing UTF-8 mapping file for font encoding OT1

(d:/texlive/2015/texmf-dist/tex/latex/base/ot1enc.dfu
File: ot1enc.dfu 2015/09/07 v1.1p UTF-8 support for inputenc
   defining Unicode char U+00A0 (decimal 160)
   defining Unicode char U+00A1 (decimal 161)
   defining Unicode char U+00A3 (decimal 163)
   defining Unicode char U+00AD (decimal 173)
   defining Unicode char U+00B8 (decimal 184)
   defining Unicode char U+00BF (decimal 191)
   defining Unicode char U+00C5 (decimal 197)
   defining Unicode char U+00C6 (decimal 198)
   defining Unicode char U+00D8 (decimal 216)
   defining Unicode char U+00DF (decimal 223)
   defining Unicode char U+00E6 (decimal 230)
   defining Unicode char U+00EC (decimal 236)
   defining Unicode char U+00ED (decimal 237)
   defining Unicode char U+00EE (decimal 238)
   defining Unicode char U+00EF (decimal 239)
   defining Unicode char U+00F8 (decimal 248)
   defining Unicode char U+0131 (decimal 305)
   defining Unicode char U+0141 (decimal 321)
   defining Unicode char U+0142 (decimal 322)
   defining Unicode char U+0152 (decimal 338)
   defining Unicode char U+0153 (decimal 339)
   defining Unicode char U+0174 (decimal 372)
   defining Unicode char U+0175 (decimal 373)
   defining Unicode char U+0176 (decimal 374)
   defining Unicode char U+0177 (decimal 375)
   defining Unicode char U+0218 (decimal 536)
   defining Unicode char U+0219 (decimal 537)
   defining Unicode char U+021A (decimal 538)
   defining Unicode char U+021B (decimal 539)
   defining Unicode char U+2013 (decimal 8211)
   defining Unicode char U+2014 (decimal 8212)
   defining Unicode char U+2018 (decimal 8216)
   defining Unicode char U+2019 (decimal 8217)
   defining Unicode char U+201C (decimal 8220)
   defining Unicode char U+201D (decimal 8221)
)
Now handling font encoding OMS ...
... processing UTF-8 mapping file for font encoding OMS

(d:/texlive/2015/texmf-dist/tex/latex/base/omsenc.dfu
File: omsenc.dfu 2015/09/07 v1.1p UTF-8 support for inputenc
   defining Unicode char U+00A7 (decimal 167)
   defining Unicode char U+00B6 (decimal 182)
   defining Unicode char U+00B7 (decimal 183)
   defining Unicode char U+2020 (decimal 8224)
   defining Unicode char U+2021 (decimal 8225)
   defining Unicode char U+2022 (decimal 8226)
)
Now handling font encoding OMX ...
... no UTF-8 mapping file for font encoding OMX
Now handling font encoding U ...
... no UTF-8 mapping file for font encoding U
   defining Unicode char U+00A9 (decimal 169)
   defining Unicode char U+00AA (decimal 170)
   defining Unicode char U+00AE (decimal 174)
   defining Unicode char U+00BA (decimal 186)
   defining Unicode char U+02C6 (decimal 710)
   defining Unicode char U+02DC (decimal 732)
   defining Unicode char U+200C (decimal 8204)
   defining Unicode char U+2026 (decimal 8230)
   defining Unicode char U+2122 (decimal 8482)
   defining Unicode char U+2423 (decimal 9251)
))
(d:/texlive/2015/texmf-dist/tex/generic/babel/babel.sty
Package: babel 2015/08/03 3.9m The Babel package

(d:/texlive/2015/texmf-dist/tex/generic/babel-danish/danish.ldf
Language: danish 2009/09/19 v1.3r Danish support from the babel system

(d:/texlive/2015/texmf-dist/tex/generic/babel/babel.def
File: babel.def 2015/08/03 3.9m Babel common definitions
\babel@savecnt=\count104
\U@D=\dimen121
)
Package babel Info: Making " an active character on input line 82.
))
(d:/texlive/2015/texmf-dist/tex/latex/float/float.sty
Package: float 2001/11/08 v1.3d Float enhancements (AL)
\c@float@type=\count105
\float@exts=\toks22
\float@box=\box28
\@float@everytoks=\toks23
\@floatcapt=\box29
)
(d:/texlive/2015/texmf-dist/tex/latex/psnfss/mathpazo.sty
Package: mathpazo 2005/04/12 PSNFSS-v9.2a Palatino w/ Pazo Math (D.Puga, WaS) 
\symupright=\mathgroup4
)
(d:/texlive/2015/texmf-dist/tex/latex/base/fontenc.sty
Package: fontenc 2005/09/27 v1.99g Standard LaTeX package

(d:/texlive/2015/texmf-dist/tex/latex/base/t1enc.def
File: t1enc.def 2005/09/27 v1.99g Standard LaTeX file
LaTeX Font Info:    Redeclaring font encoding T1 on input line 48.
))
(d:/texlive/2015/texmf-dist/tex/latex/xcolor/xcolor.sty
Package: xcolor 2007/01/21 v2.11 LaTeX color extensions (UK)

(d:/texlive/2015/texmf-dist/tex/latex/latexconfig/color.cfg
File: color.cfg 2007/01/18 v1.5 color configuration of teTeX/TeXLive
)
Package xcolor Info: Driver file: pdftex.def on input line 225.

(d:/texlive/2015/texmf-dist/tex/latex/pdftex-def/pdftex.def
File: pdftex.def 2011/05/27 v0.06d Graphics/color for pdfTeX

(d:/texlive/2015/texmf-dist/tex/generic/oberdiek/infwarerr.sty
Package: infwarerr 2010/04/08 v1.3 Providing info/warning/error messages (HO)
)
(d:/texlive/2015/texmf-dist/tex/generic/oberdiek/ltxcmds.sty
Package: ltxcmds 2011/11/09 v1.22 LaTeX kernel commands for general use (HO)
)
\Gread@gobject=\count106
)
Package xcolor Info: Model `cmy' substituted by `cmy0' on input line 1337.
Package xcolor Info: Model `hsb' substituted by `rgb' on input line 1341.
Package xcolor Info: Model `RGB' extended on input line 1353.
Package xcolor Info: Model `HTML' substituted by `rgb' on input line 1355.
Package xcolor Info: Model `Hsb' substituted by `hsb' on input line 1356.
Package xcolor Info: Model `tHsb' substituted by `hsb' on input line 1357.
Package xcolor Info: Model `HSB' substituted by `hsb' on input line 1358.
Package xcolor Info: Model `Gray' substituted by `gray' on input line 1359.
Package xcolor Info: Model `wave' substituted by `hsb' on input line 1360.
)
(d:/texlive/2015/texmf-dist/tex/latex/graphics/graphicx.sty
Package: graphicx 2014/10/28 v1.0g Enhanced LaTeX Graphics (DPC,SPQR)

(d:/texlive/2015/texmf-dist/tex/latex/graphics/graphics.sty
Package: graphics 2014/10/28 v1.0p Standard LaTeX Graphics (DPC,SPQR)

(d:/texlive/2015/texmf-dist/tex/latex/graphics/trig.sty
Package: trig 1999/03/16 v1.09 sin cos tan (DPC)
)
(d:/texlive/2015/texmf-dist/tex/latex/latexconfig/graphics.cfg
File: graphics.cfg 2010/04/23 v1.9 graphics configuration of TeX Live
)
Package graphics Info: Driver file: pdftex.def on input line 94.
)
\Gin@req@height=\dimen122
\Gin@req@width=\dimen123
)
(d:/texlive/2015/texmf-dist/tex/latex/caption/caption.sty
Package: caption 2015/09/17 v3.3-111 Customizing captions (AR)

(d:/texlive/2015/texmf-dist/tex/latex/caption/caption3.sty
Package: caption3 2015/09/20 v1.7-115 caption3 kernel (AR)
Package caption3 Info: TeX engine: e-TeX on input line 57.
\captionmargin=\dimen124
\captionmargin@=\dimen125
\captionwidth=\dimen126
\caption@tempdima=\dimen127
\caption@indent=\dimen128
\caption@parindent=\dimen129
\caption@hangindent=\dimen130
)
\c@ContinuedFloat=\count107
Package caption Info: float package is loaded.
)
(d:/texlive/2015/texmf-dist/tex/latex/tools/array.sty
Package: array 2014/10/28 v2.4c Tabular extension package (FMi)
\col@sep=\dimen131
\extrarowheight=\dimen132
\NC@list=\toks24
\extratabsurround=\skip50
\backup@length=\skip51
)
(d:/texlive/2015/texmf-dist/tex/latex/booktabs/booktabs.sty
Package: booktabs 2005/04/14 v1.61803 publication quality tables
\heavyrulewidth=\dimen133
\lightrulewidth=\dimen134
\cmidrulewidth=\dimen135
\belowrulesep=\dimen136
\belowbottomsep=\dimen137
\aboverulesep=\dimen138
\abovetopsep=\dimen139
\cmidrulesep=\dimen140
\cmidrulekern=\dimen141
\defaultaddspace=\dimen142
\@cmidla=\count108
\@cmidlb=\count109
\@aboverulesep=\dimen143
\@belowrulesep=\dimen144
\@thisruleclass=\count110
\@lastruleclass=\count111
\@thisrulewidth=\dimen145
)
(d:/texlive/2015/texmf-dist/tex/latex/framed/framed.sty
Package: framed 2011/10/22 v 0.96: framed or shaded text with page breaks
\OuterFrameSep=\skip52
\fb@frw=\dimen146
\fb@frh=\dimen147
\FrameRule=\dimen148
\FrameSep=\dimen149
)
(d:/texlive/2015/texmf-dist/tex/latex/amsfonts/amssymb.sty
Package: amssymb 2013/01/14 v3.01 AMS font symbols

(d:/texlive/2015/texmf-dist/tex/latex/amsfonts/amsfonts.sty
Package: amsfonts 2013/01/14 v3.01 Basic AMSFonts support
\symAMSa=\mathgroup5
\symAMSb=\mathgroup6
LaTeX Font Info:    Overwriting math alphabet `\mathfrak' in version `bold'
(Font)                  U/euf/m/n --> U/euf/b/n on input line 106.
))
(d:/texlive/2015/texmf-dist/tex/latex/ntheorem/ntheorem.sty
Style `ntheorem', Version 1.33 <2011/08/15>
Package: ntheorem 2011/08/15 1.33
(d:/texlive/2015/texmf-dist/tex/latex/base/ifthen.sty
Package: ifthen 2014/09/29 v1.1c Standard LaTeX ifthen package (DPC)
)
\theorem@style=\toks25
\theorem@@style=\toks26
\theorembodyfont=\toks27
\theoremnumbering=\toks28
\theorempreskipamount=\skip53
\theorempostskipamount=\skip54
\theoremframepreskipamount=\skip55
\theoremframepostskipamount=\skip56
\theoreminframepreskipamount=\skip57
\theoreminframepostskipamount=\skip58
\theorem@preskip=\toks29
\theorem@postskip=\toks30
\theorem@framepreskip=\toks31
\theorem@framepostskip=\toks32
\theorem@inframepreskip=\toks33
\theorem@inframepostskip=\toks34
\theoremindent=\dimen150
\theorem@indent=\dimen151
\theoremrightindent=\dimen152
\theorem@rightindent=\dimen153
\theoremheaderfont=\toks35
\theoremseparator=\toks36
\theoremprework=\toks37
\theorempostwork=\toks38
\theoremsymbol=\toks39
\qedsymbol=\toks40
\theoremkeyword=\toks41
\qedsymbol=\toks42
\thm@topsep=\skip59
\thm@topsepadd=\skip60
Package ntheorem Info: Option `thmmarks' loaded on input line 1175.
\c@endNonectr=\count112
\c@currNonectr=\count113
\mysavskip=\skip61
Package ntheorem Info: option `amsmath' handling for `thmmarks' loaded on input
 line 1175.
\thm@amstmpdepth=\dimen154
\tagwidth=\dimen155
\shadecolor=\toks43
)
(d:/texlive/2015/texmf-dist/tex/latex/geometry/geometry.sty
Package: geometry 2010/09/12 v5.6 Page Geometry

(d:/texlive/2015/texmf-dist/tex/generic/oberdiek/ifpdf.sty
Package: ifpdf 2011/01/30 v2.3 Provides the ifpdf switch (HO)
Package ifpdf Info: pdfTeX in PDF mode is detected.
)
(d:/texlive/2015/texmf-dist/tex/generic/oberdiek/ifvtex.sty
Package: ifvtex 2010/03/01 v1.5 Detect VTeX and its facilities (HO)
Package ifvtex Info: VTeX not detected.
)
(d:/texlive/2015/texmf-dist/tex/generic/ifxetex/ifxetex.sty
Package: ifxetex 2010/09/12 v0.6 Provides ifxetex conditional
)
\Gm@cnth=\count114
\Gm@cntv=\count115
\c@Gm@tempcnt=\count116
\Gm@bindingoffset=\dimen156
\Gm@wd@mp=\dimen157
\Gm@odd@mp=\dimen158
\Gm@even@mp=\dimen159
\Gm@layoutwidth=\dimen160
\Gm@layoutheight=\dimen161
\Gm@layouthoffset=\dimen162
\Gm@layoutvoffset=\dimen163
\Gm@dimlist=\toks44
)
(d:/texlive/2015/texmf-dist/tex/latex/titlesec/titlesec.sty
Package: titlesec 2011/12/15 v2.10.0 Sectioning titles
\ttl@box=\box30
\beforetitleunit=\skip62
\aftertitleunit=\skip63
\ttl@plus=\dimen164
\ttl@minus=\dimen165
\ttl@toksa=\toks45
\titlewidth=\dimen166
\titlewidthlast=\dimen167
\titlewidthfirst=\dimen168
)
(d:/texlive/2015/texmf-dist/tex/latex/fancyhdr/fancyhdr.sty
\fancy@headwidth=\skip64
\f@ncyO@elh=\skip65
\f@ncyO@erh=\skip66
\f@ncyO@olh=\skip67
\f@ncyO@orh=\skip68
\f@ncyO@elf=\skip69
\f@ncyO@erf=\skip70
\f@ncyO@olf=\skip71
\f@ncyO@orf=\skip72
)
(d:/texlive/2015/texmf-dist/tex/latex/biblatex/biblatex.sty
Package: biblatex 2015/12/22 v3.2 programmable bibliographies (PK/JW/AB)

(d:/texlive/2015/texmf-dist/tex/latex/biblatex/biblatex1.sty
Package: biblatex1 2015/12/22 v3.2 programmable bibliographies (bibtex) (PK/JW/
AB)

(d:/texlive/2015/texmf-dist/tex/latex/etoolbox/etoolbox.sty
Package: etoolbox 2015/08/02 v2.2a e-TeX tools for LaTeX (JAW)
\etb@tempcnta=\count117
)
(d:/texlive/2015/texmf-dist/tex/latex/logreq/logreq.sty
Package: logreq 2010/08/04 v1.0 xml request logger
\lrq@indent=\count118

(d:/texlive/2015/texmf-dist/tex/latex/logreq/logreq.def
File: logreq.def 2010/08/04 v1.0 logreq spec v1.0
))
(d:/texlive/2015/texmf-dist/tex/latex/url/url.sty
\Urlmuskip=\muskip11
Package: url 2013/09/16  ver 3.4  Verb mode for urls, etc.
)
\c@tabx@nest=\count119
\c@listtotal=\count120
\c@listcount=\count121
\c@liststart=\count122
\c@liststop=\count123
\c@citecount=\count124
\c@citetotal=\count125
\c@multicitecount=\count126
\c@multicitetotal=\count127
\c@instcount=\count128
\c@maxnames=\count129
\c@minnames=\count130
\c@maxitems=\count131
\c@minitems=\count132
\c@citecounter=\count133
\c@savedcitecounter=\count134
\c@uniquelist=\count135
\c@uniquename=\count136
\c@refsection=\count137
\c@refsegment=\count138
\c@maxextrayear=\count139
\c@maxextraalpha=\count140
\c@abbrvpenalty=\count141
\c@highnamepenalty=\count142
\c@lownamepenalty=\count143
\c@maxparens=\count144
\c@parenlevel=\count145
\blx@tempcnta=\count146
\blx@tempcntb=\count147
\blx@tempcntc=\count148
\blx@maxsection=\count149
\blx@maxsegment=\count150
\blx@notetype=\count151
\blx@parenlevel@text=\count152
\blx@parenlevel@foot=\count153
\labelnumberwidth=\skip73
\labelalphawidth=\skip74
\shorthandwidth=\skip75
\biblabelsep=\skip76
\bibitemsep=\skip77
\bibnamesep=\skip78
\bibinitsep=\skip79
\bibparsep=\skip80
\bibhang=\skip81
\blx@auxin=\read1
\blx@auxout=\write3
\c@mincomprange=\count154
\c@maxcomprange=\count155
\c@mincompwidth=\count156
\c@labelname=\count157
\c@savedlabelname=\count158
\c@author=\count159
\c@savedauthor=\count160
\c@shortauthor=\count161
\c@savedshortauthor=\count162
\c@editor=\count163
\c@savededitor=\count164
\c@editora=\count165
\c@savededitora=\count166
\c@editorb=\count167
\c@savededitorb=\count168
\c@editorc=\count169
\c@savededitorc=\count170
\c@shorteditor=\count171
\c@savedshorteditor=\count172
\c@bookauthor=\count173
\c@savedbookauthor=\count174
\c@translator=\count175
\c@savedtranslator=\count176
\c@annotator=\count177
\c@savedannotator=\count178
\c@commentator=\count179
\c@savedcommentator=\count180
\c@introduction=\count181
\c@savedintroduction=\count182
\c@foreword=\count183
\c@savedforeword=\count184
\c@afterword=\count185
\c@savedafterword=\count186
\c@holder=\count187
\c@savedholder=\count188
\c@namea=\count189
\c@savednamea=\count190
\c@nameb=\count191
\c@savednameb=\count192
\c@namec=\count193
\c@savednamec=\count194
\c@institution=\count195
\c@savedinstitution=\count196
\c@language=\count197
\c@savedlanguage=\count198
\c@location=\count199
\c@savedlocation=\count266
\c@organization=\count267
\c@savedorganization=\count268
\c@origlocation=\count269
\c@savedoriglocation=\count270
\c@origpublisher=\count271
\c@savedorigpublisher=\count272
\c@pageref=\count273
\c@savedpageref=\count274
\c@publisher=\count275
\c@savedpublisher=\count276
\c@lista=\count277
\c@savedlista=\count278
\c@listb=\count279
\c@savedlistb=\count280
\c@listc=\count281
\c@savedlistc=\count282
\c@listd=\count283
\c@savedlistd=\count284
\c@liste=\count285
\c@savedliste=\count286
\c@listf=\count287
\c@savedlistf=\count288
Package biblatex Info: Trying to load compatibility code...
Package biblatex Info: ... file 'blx-compat.def' found.

(d:/texlive/2015/texmf-dist/tex/latex/biblatex/blx-compat.def
File: blx-compat.def 2015/12/22 v3.2 biblatex compatibility (PK/JW/AB)
)
Package biblatex Info: Trying to load generic definitions...
Package biblatex Info: ... file 'biblatex.def' found.

(d:/texlive/2015/texmf-dist/tex/latex/biblatex/biblatex.def
File: biblatex.def 
\c@textcitecount=\count289
\c@textcitetotal=\count290
\c@textcitemaxnames=\count291
\c@biburlnumpenalty=\count292
\c@biburlucpenalty=\count293
\c@biburllcpenalty=\count294
\c@smartand=\count295
)
Package biblatex Info: Trying to load bibliography style 'numeric'...
Package biblatex Info: ... file 'numeric.bbx' found.

(d:/texlive/2015/texmf-dist/tex/latex/biblatex/bbx/numeric.bbx
File: numeric.bbx 2015/12/22 v3.2 biblatex bibliography style (PK/JW/AB)
Package biblatex Info: Trying to load bibliography style 'standard'...
Package biblatex Info: ... file 'standard.bbx' found.

(d:/texlive/2015/texmf-dist/tex/latex/biblatex/bbx/standard.bbx
File: standard.bbx 2015/12/22 v3.2 biblatex bibliography style (PK/JW/AB)
\c@bbx:relatedcount=\count296
\c@bbx:relatedtotal=\count297
))
Package biblatex Info: Trying to load citation style 'numeric'...
Package biblatex Info: ... file 'numeric.cbx' found.

(d:/texlive/2015/texmf-dist/tex/latex/biblatex/cbx/numeric.cbx
File: numeric.cbx 2015/12/22 v3.2 biblatex citation style (PK/JW/AB)
Package biblatex Info: Redefining '\cite'.
Package biblatex Info: Redefining '\parencite'.
Package biblatex Info: Redefining '\footcite'.
Package biblatex Info: Redefining '\footcitetext'.
Package biblatex Info: Redefining '\smartcite'.
Package biblatex Info: Redefining '\supercite'.
Package biblatex Info: Redefining '\textcite'.
Package biblatex Info: Redefining '\textcites'.
Package biblatex Info: Redefining '\cites'.
Package biblatex Info: Redefining '\parencites'.
Package biblatex Info: Redefining '\smartcites'.
)
Package biblatex Info: Trying to load configuration file...
Package biblatex Info: ... file 'biblatex.cfg' found.

(d:/texlive/2015/texmf-dist/tex/latex/biblatex/biblatex.cfg
File: biblatex.cfg 
)))
(d:/texlive/2015/texmf-dist/tex/latex/tocbibind/tocbibind.sty
Package: tocbibind 2010/10/13 v1.5k extra ToC listings
Package tocbibind Info: The document has chapter divisions on input line 50.


Package tocbibind Note: Using chapter style headings, unless overridden.

) (d:/texlive/2015/texmf-dist/tex/latex/lastpage/lastpage.sty
Package: lastpage 2015/03/29 v1.2m Refers to last page's name (HMM; JPG)
)
(d:/texlive/2015/texmf-dist/tex/latex/todonotes/todonotes.sty
Package: todonotes 2015/07/09 .dtx Todonotes source and documentation.
Package: todonotes 2012/07/25

(d:/texlive/2015/texmf-dist/tex/latex/xkeyval/xkeyval.sty
Package: xkeyval 2014/12/03 v2.7a package option processing (HA)

(d:/texlive/2015/texmf-dist/tex/generic/xkeyval/xkeyval.tex
(d:/texlive/2015/texmf-dist/tex/generic/xkeyval/xkvutils.tex
\XKV@toks=\toks46
\XKV@tempa@toks=\toks47
)
\XKV@depth=\count298
File: xkeyval.tex 2014/12/03 v2.7a key=value parser (HA)
))
(d:/texlive/2015/texmf-dist/tex/latex/pgf/frontendlayer/tikz.sty
(d:/texlive/2015/texmf-dist/tex/latex/pgf/basiclayer/pgf.sty
(d:/texlive/2015/texmf-dist/tex/latex/pgf/utilities/pgfrcs.sty
(d:/texlive/2015/texmf-dist/tex/generic/pgf/utilities/pgfutil-common.tex
\pgfutil@everybye=\toks48
\pgfutil@tempdima=\dimen169
\pgfutil@tempdimb=\dimen170

(d:/texlive/2015/texmf-dist/tex/generic/pgf/utilities/pgfutil-common-lists.tex)
) (d:/texlive/2015/texmf-dist/tex/generic/pgf/utilities/pgfutil-latex.def
\pgfutil@abb=\box31

(d:/texlive/2015/texmf-dist/tex/latex/ms/everyshi.sty
Package: everyshi 2001/05/15 v3.00 EveryShipout Package (MS)
))
(d:/texlive/2015/texmf-dist/tex/generic/pgf/utilities/pgfrcs.code.tex
Package: pgfrcs 2015/08/07 v3.0.1a (rcs-revision 1.31)
))
Package: pgf 2015/08/07 v3.0.1a (rcs-revision 1.15)

(d:/texlive/2015/texmf-dist/tex/latex/pgf/basiclayer/pgfcore.sty
(d:/texlive/2015/texmf-dist/tex/latex/pgf/systemlayer/pgfsys.sty
(d:/texlive/2015/texmf-dist/tex/generic/pgf/systemlayer/pgfsys.code.tex
Package: pgfsys 2014/07/09 v3.0.1a (rcs-revision 1.48)

(d:/texlive/2015/texmf-dist/tex/generic/pgf/utilities/pgfkeys.code.tex
\pgfkeys@pathtoks=\toks49
\pgfkeys@temptoks=\toks50

(d:/texlive/2015/texmf-dist/tex/generic/pgf/utilities/pgfkeysfiltered.code.tex
\pgfkeys@tmptoks=\toks51
))
\pgf@x=\dimen171
\pgf@y=\dimen172
\pgf@xa=\dimen173
\pgf@ya=\dimen174
\pgf@xb=\dimen175
\pgf@yb=\dimen176
\pgf@xc=\dimen177
\pgf@yc=\dimen178
\w@pgf@writea=\write4
\r@pgf@reada=\read2
\c@pgf@counta=\count299
\c@pgf@countb=\count300
\c@pgf@countc=\count301
\c@pgf@countd=\count302
\t@pgf@toka=\toks52
\t@pgf@tokb=\toks53
\t@pgf@tokc=\toks54
 (d:/texlive/2015/texmf-dist/tex/generic/pgf/systemlayer/pgf.cfg
File: pgf.cfg 2008/05/14  (rcs-revision 1.7)
)
Driver file for pgf: pgfsys-pdftex.def

(d:/texlive/2015/texmf-dist/tex/generic/pgf/systemlayer/pgfsys-pdftex.def
File: pgfsys-pdftex.def 2014/10/11  (rcs-revision 1.35)

(d:/texlive/2015/texmf-dist/tex/generic/pgf/systemlayer/pgfsys-common-pdf.def
File: pgfsys-common-pdf.def 2013/10/10  (rcs-revision 1.13)
)))
(d:/texlive/2015/texmf-dist/tex/generic/pgf/systemlayer/pgfsyssoftpath.code.tex
File: pgfsyssoftpath.code.tex 2013/09/09  (rcs-revision 1.9)
\pgfsyssoftpath@smallbuffer@items=\count303
\pgfsyssoftpath@bigbuffer@items=\count304
)
(d:/texlive/2015/texmf-dist/tex/generic/pgf/systemlayer/pgfsysprotocol.code.tex
File: pgfsysprotocol.code.tex 2006/10/16  (rcs-revision 1.4)
)) (d:/texlive/2015/texmf-dist/tex/generic/pgf/basiclayer/pgfcore.code.tex
Package: pgfcore 2010/04/11 v3.0.1a (rcs-revision 1.7)

(d:/texlive/2015/texmf-dist/tex/generic/pgf/math/pgfmath.code.tex
(d:/texlive/2015/texmf-dist/tex/generic/pgf/math/pgfmathcalc.code.tex
(d:/texlive/2015/texmf-dist/tex/generic/pgf/math/pgfmathutil.code.tex)
(d:/texlive/2015/texmf-dist/tex/generic/pgf/math/pgfmathparser.code.tex
\pgfmath@dimen=\dimen179
\pgfmath@count=\count305
\pgfmath@box=\box32
\pgfmath@toks=\toks55
\pgfmath@stack@operand=\toks56
\pgfmath@stack@operation=\toks57
)
(d:/texlive/2015/texmf-dist/tex/generic/pgf/math/pgfmathfunctions.code.tex
(d:/texlive/2015/texmf-dist/tex/generic/pgf/math/pgfmathfunctions.basic.code.te
x)
(d:/texlive/2015/texmf-dist/tex/generic/pgf/math/pgfmathfunctions.trigonometric
.code.tex)
(d:/texlive/2015/texmf-dist/tex/generic/pgf/math/pgfmathfunctions.random.code.t
ex)
(d:/texlive/2015/texmf-dist/tex/generic/pgf/math/pgfmathfunctions.comparison.co
de.tex)
(d:/texlive/2015/texmf-dist/tex/generic/pgf/math/pgfmathfunctions.base.code.tex
)
(d:/texlive/2015/texmf-dist/tex/generic/pgf/math/pgfmathfunctions.round.code.te
x)
(d:/texlive/2015/texmf-dist/tex/generic/pgf/math/pgfmathfunctions.misc.code.tex
)
(d:/texlive/2015/texmf-dist/tex/generic/pgf/math/pgfmathfunctions.integerarithm
etics.code.tex)))
(d:/texlive/2015/texmf-dist/tex/generic/pgf/math/pgfmathfloat.code.tex
\c@pgfmathroundto@lastzeros=\count306
))
(d:/texlive/2015/texmf-dist/tex/generic/pgf/basiclayer/pgfcorepoints.code.tex
File: pgfcorepoints.code.tex 2013/10/07  (rcs-revision 1.27)
\pgf@picminx=\dimen180
\pgf@picmaxx=\dimen181
\pgf@picminy=\dimen182
\pgf@picmaxy=\dimen183
\pgf@pathminx=\dimen184
\pgf@pathmaxx=\dimen185
\pgf@pathminy=\dimen186
\pgf@pathmaxy=\dimen187
\pgf@xx=\dimen188
\pgf@xy=\dimen189
\pgf@yx=\dimen190
\pgf@yy=\dimen191
\pgf@zx=\dimen192
\pgf@zy=\dimen193
)
(d:/texlive/2015/texmf-dist/tex/generic/pgf/basiclayer/pgfcorepathconstruct.cod
e.tex
File: pgfcorepathconstruct.code.tex 2013/10/07  (rcs-revision 1.29)
\pgf@path@lastx=\dimen194
\pgf@path@lasty=\dimen195
)
(d:/texlive/2015/texmf-dist/tex/generic/pgf/basiclayer/pgfcorepathusage.code.te
x
File: pgfcorepathusage.code.tex 2014/11/02  (rcs-revision 1.24)
\pgf@shorten@end@additional=\dimen196
\pgf@shorten@start@additional=\dimen197
)
(d:/texlive/2015/texmf-dist/tex/generic/pgf/basiclayer/pgfcorescopes.code.tex
File: pgfcorescopes.code.tex 2015/05/08  (rcs-revision 1.46)
\pgfpic=\box33
\pgf@hbox=\box34
\pgf@layerbox@main=\box35
\pgf@picture@serial@count=\count307
)
(d:/texlive/2015/texmf-dist/tex/generic/pgf/basiclayer/pgfcoregraphicstate.code
.tex
File: pgfcoregraphicstate.code.tex 2014/11/02  (rcs-revision 1.12)
\pgflinewidth=\dimen198
)
(d:/texlive/2015/texmf-dist/tex/generic/pgf/basiclayer/pgfcoretransformations.c
ode.tex
File: pgfcoretransformations.code.tex 2015/08/07  (rcs-revision 1.20)
\pgf@pt@x=\dimen199
\pgf@pt@y=\dimen256
\pgf@pt@temp=\dimen257
)
(d:/texlive/2015/texmf-dist/tex/generic/pgf/basiclayer/pgfcorequick.code.tex
File: pgfcorequick.code.tex 2008/10/09  (rcs-revision 1.3)
)
(d:/texlive/2015/texmf-dist/tex/generic/pgf/basiclayer/pgfcoreobjects.code.tex
File: pgfcoreobjects.code.tex 2006/10/11  (rcs-revision 1.2)
)
(d:/texlive/2015/texmf-dist/tex/generic/pgf/basiclayer/pgfcorepathprocessing.co
de.tex
File: pgfcorepathprocessing.code.tex 2013/09/09  (rcs-revision 1.9)
)
(d:/texlive/2015/texmf-dist/tex/generic/pgf/basiclayer/pgfcorearrows.code.tex
File: pgfcorearrows.code.tex 2015/05/14  (rcs-revision 1.43)
\pgfarrowsep=\dimen258
)
(d:/texlive/2015/texmf-dist/tex/generic/pgf/basiclayer/pgfcoreshade.code.tex
File: pgfcoreshade.code.tex 2013/07/15  (rcs-revision 1.15)
\pgf@max=\dimen259
\pgf@sys@shading@range@num=\count308
)
(d:/texlive/2015/texmf-dist/tex/generic/pgf/basiclayer/pgfcoreimage.code.tex
File: pgfcoreimage.code.tex 2013/07/15  (rcs-revision 1.18)

(d:/texlive/2015/texmf-dist/tex/generic/pgf/basiclayer/pgfcoreexternal.code.tex
File: pgfcoreexternal.code.tex 2014/07/09  (rcs-revision 1.21)
\pgfexternal@startupbox=\box36
))
(d:/texlive/2015/texmf-dist/tex/generic/pgf/basiclayer/pgfcorelayers.code.tex
File: pgfcorelayers.code.tex 2013/07/18  (rcs-revision 1.7)
)
(d:/texlive/2015/texmf-dist/tex/generic/pgf/basiclayer/pgfcoretransparency.code
.tex
File: pgfcoretransparency.code.tex 2013/09/30  (rcs-revision 1.5)
)
(d:/texlive/2015/texmf-dist/tex/generic/pgf/basiclayer/pgfcorepatterns.code.tex
File: pgfcorepatterns.code.tex 2013/11/07  (rcs-revision 1.5)
)))
(d:/texlive/2015/texmf-dist/tex/generic/pgf/modules/pgfmoduleshapes.code.tex
File: pgfmoduleshapes.code.tex 2014/03/21  (rcs-revision 1.35)
\pgfnodeparttextbox=\box37
)
(d:/texlive/2015/texmf-dist/tex/generic/pgf/modules/pgfmoduleplot.code.tex
File: pgfmoduleplot.code.tex 2015/08/03  (rcs-revision 1.13)
)
(d:/texlive/2015/texmf-dist/tex/latex/pgf/compatibility/pgfcomp-version-0-65.st
y
Package: pgfcomp-version-0-65 2007/07/03 v3.0.1a (rcs-revision 1.7)
\pgf@nodesepstart=\dimen260
\pgf@nodesepend=\dimen261
)
(d:/texlive/2015/texmf-dist/tex/latex/pgf/compatibility/pgfcomp-version-1-18.st
y
Package: pgfcomp-version-1-18 2007/07/23 v3.0.1a (rcs-revision 1.1)
)) (d:/texlive/2015/texmf-dist/tex/latex/pgf/utilities/pgffor.sty
(d:/texlive/2015/texmf-dist/tex/latex/pgf/utilities/pgfkeys.sty
(d:/texlive/2015/texmf-dist/tex/generic/pgf/utilities/pgfkeys.code.tex))
(d:/texlive/2015/texmf-dist/tex/latex/pgf/math/pgfmath.sty
(d:/texlive/2015/texmf-dist/tex/generic/pgf/math/pgfmath.code.tex))
(d:/texlive/2015/texmf-dist/tex/generic/pgf/utilities/pgffor.code.tex
Package: pgffor 2013/12/13 v3.0.1a (rcs-revision 1.25)

(d:/texlive/2015/texmf-dist/tex/generic/pgf/math/pgfmath.code.tex)
\pgffor@iter=\dimen262
\pgffor@skip=\dimen263
\pgffor@stack=\toks58
\pgffor@toks=\toks59
))
(d:/texlive/2015/texmf-dist/tex/generic/pgf/frontendlayer/tikz/tikz.code.tex
Package: tikz 2015/08/07 v3.0.1a (rcs-revision 1.151)

(d:/texlive/2015/texmf-dist/tex/generic/pgf/libraries/pgflibraryplothandlers.co
de.tex
File: pgflibraryplothandlers.code.tex 2013/08/31 v3.0.1a (rcs-revision 1.20)
\pgf@plot@mark@count=\count309
\pgfplotmarksize=\dimen264
)
\tikz@lastx=\dimen265
\tikz@lasty=\dimen266
\tikz@lastxsaved=\dimen267
\tikz@lastysaved=\dimen268
\tikzleveldistance=\dimen269
\tikzsiblingdistance=\dimen270
\tikz@figbox=\box38
\tikz@figbox@bg=\box39
\tikz@tempbox=\box40
\tikz@tempbox@bg=\box41
\tikztreelevel=\count310
\tikznumberofchildren=\count311
\tikznumberofcurrentchild=\count312
\tikz@fig@count=\count313

(d:/texlive/2015/texmf-dist/tex/generic/pgf/modules/pgfmodulematrix.code.tex
File: pgfmodulematrix.code.tex 2013/09/17  (rcs-revision 1.8)
\pgfmatrixcurrentrow=\count314
\pgfmatrixcurrentcolumn=\count315
\pgf@matrix@numberofcolumns=\count316
)
\tikz@expandcount=\count317

(d:/texlive/2015/texmf-dist/tex/generic/pgf/frontendlayer/tikz/libraries/tikzli
brarytopaths.code.tex
File: tikzlibrarytopaths.code.tex 2008/06/17 v3.0.1a (rcs-revision 1.2)
)))
(d:/texlive/2015/texmf-dist/tex/generic/pgf/frontendlayer/tikz/libraries/tikzli
brarypositioning.code.tex
File: tikzlibrarypositioning.code.tex 2008/10/06 v3.0.1a (rcs-revision 1.7)
)
\c@@todonotes@numberoftodonotes=\count318
)
(d:/texlive/2015/texmf-dist/tex/latex/hyperref/hyperref.sty
Package: hyperref 2012/11/06 v6.83m Hypertext links for LaTeX

(d:/texlive/2015/texmf-dist/tex/generic/oberdiek/hobsub-hyperref.sty
Package: hobsub-hyperref 2012/05/28 v1.13 Bundle oberdiek, subset hyperref (HO)


(d:/texlive/2015/texmf-dist/tex/generic/oberdiek/hobsub-generic.sty
Package: hobsub-generic 2012/05/28 v1.13 Bundle oberdiek, subset generic (HO)
Package: hobsub 2012/05/28 v1.13 Construct package bundles (HO)
Package hobsub Info: Skipping package `infwarerr' (already loaded).
Package hobsub Info: Skipping package `ltxcmds' (already loaded).
Package: ifluatex 2010/03/01 v1.3 Provides the ifluatex switch (HO)
Package ifluatex Info: LuaTeX not detected.
Package hobsub Info: Skipping package `ifvtex' (already loaded).
Package: intcalc 2007/09/27 v1.1 Expandable calculations with integers (HO)
Package hobsub Info: Skipping package `ifpdf' (already loaded).
Package: etexcmds 2011/02/16 v1.5 Avoid name clashes with e-TeX commands (HO)
Package etexcmds Info: Could not find \expanded.
(etexcmds)             That can mean that you are not using pdfTeX 1.50 or
(etexcmds)             that some package has redefined \expanded.
(etexcmds)             In the latter case, load this package earlier.
Package: kvsetkeys 2012/04/25 v1.16 Key value parser (HO)
Package: kvdefinekeys 2011/04/07 v1.3 Define keys (HO)
Package: pdftexcmds 2011/11/29 v0.20 Utility functions of pdfTeX for LuaTeX (HO
)
Package pdftexcmds Info: LuaTeX not detected.
Package pdftexcmds Info: \pdf@primitive is available.
Package pdftexcmds Info: \pdf@ifprimitive is available.
Package pdftexcmds Info: \pdfdraftmode found.
Package: pdfescape 2011/11/25 v1.13 Implements pdfTeX's escape features (HO)
Package: bigintcalc 2012/04/08 v1.3 Expandable calculations on big integers (HO
)
Package: bitset 2011/01/30 v1.1 Handle bit-vector datatype (HO)
Package: uniquecounter 2011/01/30 v1.2 Provide unlimited unique counter (HO)
)
Package hobsub Info: Skipping package `hobsub' (already loaded).
Package: letltxmacro 2010/09/02 v1.4 Let assignment for LaTeX macros (HO)
Package: hopatch 2012/05/28 v1.2 Wrapper for package hooks (HO)
Package: xcolor-patch 2011/01/30 xcolor patch
Package: atveryend 2011/06/30 v1.8 Hooks at the very end of document (HO)
Package: atbegshi 2011/10/05 v1.16 At begin shipout hook (HO)
Package: refcount 2011/10/16 v3.4 Data extraction from label references (HO)
Package: hycolor 2011/01/30 v1.7 Color options for hyperref/bookmark (HO)
)
(d:/texlive/2015/texmf-dist/tex/latex/oberdiek/auxhook.sty
Package: auxhook 2011/03/04 v1.3 Hooks for auxiliary files (HO)
)
(d:/texlive/2015/texmf-dist/tex/latex/oberdiek/kvoptions.sty
Package: kvoptions 2011/06/30 v3.11 Key value format for package options (HO)
)
\@linkdim=\dimen271
\Hy@linkcounter=\count319
\Hy@pagecounter=\count320

(d:/texlive/2015/texmf-dist/tex/latex/hyperref/pd1enc.def
File: pd1enc.def 2012/11/06 v6.83m Hyperref: PDFDocEncoding definition (HO)
Now handling font encoding PD1 ...
... no UTF-8 mapping file for font encoding PD1
)
\Hy@SavedSpaceFactor=\count321

(d:/texlive/2015/texmf-dist/tex/latex/latexconfig/hyperref.cfg
File: hyperref.cfg 2002/06/06 v1.2 hyperref configuration of TeXLive
)
Package hyperref Info: Hyper figures OFF on input line 4443.
Package hyperref Info: Link nesting OFF on input line 4448.
Package hyperref Info: Hyper index ON on input line 4451.
Package hyperref Info: Plain pages OFF on input line 4458.
Package hyperref Info: Backreferencing OFF on input line 4463.
Package hyperref Info: Implicit mode ON; LaTeX internals redefined.
Package hyperref Info: Bookmarks ON on input line 4688.
\c@Hy@tempcnt=\count322
LaTeX Info: Redefining \url on input line 5041.
\XeTeXLinkMargin=\dimen272
\Fld@menulength=\count323
\Field@Width=\dimen273
\Fld@charsize=\dimen274
Package hyperref Info: Hyper figures OFF on input line 6295.
Package hyperref Info: Link nesting OFF on input line 6300.
Package hyperref Info: Hyper index ON on input line 6303.
Package hyperref Info: backreferencing OFF on input line 6310.
Package hyperref Info: Link coloring OFF on input line 6315.
Package hyperref Info: Link coloring with OCG OFF on input line 6320.
Package hyperref Info: PDF/A mode OFF on input line 6325.
LaTeX Info: Redefining \ref on input line 6365.
LaTeX Info: Redefining \pageref on input line 6369.
\Hy@abspage=\count324
\c@Item=\count325
\c@Hfootnote=\count326
)

Package hyperref Message: Driver (autodetected): hpdftex.

(d:/texlive/2015/texmf-dist/tex/latex/hyperref/hpdftex.def
File: hpdftex.def 2012/11/06 v6.83m Hyperref driver for pdfTeX
\Fld@listcount=\count327
\c@bookmark@seq@number=\count328

(d:/texlive/2015/texmf-dist/tex/latex/oberdiek/rerunfilecheck.sty
Package: rerunfilecheck 2011/04/15 v1.7 Rerun checks for auxiliary files (HO)
Package uniquecounter Info: New unique counter `rerunfilecheck' on input line 2
82.
)
\Hy@SectionHShift=\skip82
)

Package hyperref Warning: Option `pdfpagelabels' has already been used,
(hyperref)                setting the option has no effect on input line 167.

Package hyperref Info: Option `plainpages' set `false' on input line 167.
Package hyperref Info: Option `bookmarksnumbered' set `true' on input line 167.

Package hyperref Info: Option `colorlinks' set `false' on input line 167.
) (./setup/hyphenations.tex) (./setup/macros.tex
\c@currexactr=\count329
\c@endexactr=\count330
\c@exa=\count331
)
Package biblatex Info: Trying to load language 'danish'...
Package biblatex Info: ... file 'danish.lbx' found.

(d:/texlive/2015/texmf-dist/tex/latex/biblatex/lbx/danish.lbx
File: danish.lbx 2015/12/22 v3.2 biblatex localization (PK/JW/AB)
)

Package biblatex Warning: 'babel/polyglossia' detected but 'csquotes' missing.
(biblatex)                Loading 'csquotes' recommended.

\@quotelevel=\count332
\@quotereset=\count333
(./master.aux)
\openout1 = `master.aux'.

LaTeX Font Info:    Checking defaults for OML/cmm/m/it on input line 9.
LaTeX Font Info:    ... okay on input line 9.
LaTeX Font Info:    Checking defaults for T1/cmr/m/n on input line 9.
LaTeX Font Info:    ... okay on input line 9.
LaTeX Font Info:    Checking defaults for OT1/cmr/m/n on input line 9.
LaTeX Font Info:    ... okay on input line 9.
LaTeX Font Info:    Checking defaults for OMS/cmsy/m/n on input line 9.
LaTeX Font Info:    ... okay on input line 9.
LaTeX Font Info:    Checking defaults for OMX/cmex/m/n on input line 9.
LaTeX Font Info:    ... okay on input line 9.
LaTeX Font Info:    Checking defaults for U/cmr/m/n on input line 9.
LaTeX Font Info:    ... okay on input line 9.
LaTeX Font Info:    Checking defaults for PD1/pdf/m/n on input line 9.
LaTeX Font Info:    ... okay on input line 9.
LaTeX Font Info:    Try loading font information for T1+pplx on input line 9.
 (d:/texlive/2015/texmf-dist/tex/latex/psnfss/t1pplx.fd
File: t1pplx.fd 2004/09/06 font definitions for T1/pplx.
)
(d:/texlive/2015/texmf-dist/tex/context/base/supp-pdf.mkii
[Loading MPS to PDF converter (version 2006.09.02).]
\scratchcounter=\count334
\scratchdimen=\dimen275
\scratchbox=\box42
\nofMPsegments=\count335
\nofMParguments=\count336
\everyMPshowfont=\toks60
\MPscratchCnt=\count337
\MPscratchDim=\dimen276
\MPnumerator=\count338
\makeMPintoPDFobject=\count339
\everyMPtoPDFconversion=\toks61
) (d:/texlive/2015/texmf-dist/tex/latex/oberdiek/epstopdf-base.sty
Package: epstopdf-base 2010/02/09 v2.5 Base part for package epstopdf

(d:/texlive/2015/texmf-dist/tex/latex/oberdiek/grfext.sty
Package: grfext 2010/08/19 v1.1 Manage graphics extensions (HO)
)
Package grfext Info: Graphics extension search list:
(grfext)             [.png,.pdf,.jpg,.mps,.jpeg,.jbig2,.jb2,.PNG,.PDF,.JPG,.JPE
G,.JBIG2,.JB2,.eps]
(grfext)             \AppendGraphicsExtensions on input line 452.

(d:/texlive/2015/texmf-dist/tex/latex/latexconfig/epstopdf-sys.cfg
File: epstopdf-sys.cfg 2010/07/13 v1.3 Configuration of (r)epstopdf for TeX Liv
e
))
Package caption Info: Begin \AtBeginDocument code.
Package caption Info: hyperref package is loaded.
Package caption Info: End \AtBeginDocument code.

*geometry* driver: auto-detecting
*geometry* detected driver: pdftex
*geometry* verbose mode - [ preamble ] result:
* driver: pdftex
* paper: a4paper
* layout: <same size as paper>
* layoutoffset:(h,v)=(0.0pt,0.0pt)
* modes: 
* h-part:(L,W,R)=(79.66771pt, 438.17245pt, 79.66771pt)
* v-part:(T,H,B)=(101.40665pt, 591.5302pt, 152.11pt)
* \paperwidth=597.50787pt
* \paperheight=845.04684pt
* \textwidth=438.17245pt
* \textheight=591.5302pt
* \oddsidemargin=7.39772pt
* \evensidemargin=7.39772pt
* \topmargin=-7.86334pt
* \headheight=12.0pt
* \headsep=25.0pt
* \topskip=11.0pt
* \footskip=30.0pt
* \marginparwidth=50.0pt
* \marginparsep=10.0pt
* \columnsep=10.0pt
* \skip\footins=10.0pt plus 4.0pt minus 2.0pt
* \hoffset=0.0pt
* \voffset=0.0pt
* \mag=1000
* \@twocolumnfalse
* \@twosidefalse
* \@mparswitchfalse
* \@reversemarginfalse
* (1in=72.27pt=25.4mm, 1cm=28.453pt)

Package biblatex Info: Input encoding 'utf8' detected.
Package biblatex Info: Data encoding 'utf8' specified.
(biblatex)             No need to reencode data.

Package biblatex Warning: Data encoding is 'utf8'.
(biblatex)                Use backend=biber.

\openout3 = `master-blx.bib'.

Package biblatex Info: Trying to load bibliographic data...
Package biblatex Info: ... file 'master.bbl' not found.
No file master.bbl.
Package biblatex Info: Reference section=0 on input line 9.
Package biblatex Info: Reference segment=0 on input line 9.
Package lastpage Info: Please have a look at the pageslts package at
(lastpage)             https://www.ctan.org/pkg/pageslts
(lastpage)             ! on input line 9.
ABD: EveryShipout initializing macros
\AtBeginShipoutBox=\box43
Package hyperref Info: Link coloring OFF on input line 9.

(d:/texlive/2015/texmf-dist/tex/latex/hyperref/nameref.sty
Package: nameref 2012/10/27 v2.43 Cross-referencing by name of section

(d:/texlive/2015/texmf-dist/tex/generic/oberdiek/gettitlestring.sty
Package: gettitlestring 2010/12/03 v1.4 Cleanup title references (HO)
)
\c@section@level=\count340
)
LaTeX Info: Redefining \ref on input line 9.
LaTeX Info: Redefining \pageref on input line 9.
LaTeX Info: Redefining \nameref on input line 9.

(./master.out) (./master.out)
\@outlinefile=\write5
\openout5 = `master.out'.

 (./sections/frontpage.tex
<figures/forside.jpg, id=15, 841.1425pt x 600.2425pt>
File: figures/forside.jpg Graphic file (type jpg)

<use figures/forside.jpg>
Package pdftex.def Info: figures/forside.jpg used on input line 20.
(pdftex.def)             Requested size: 341.43306pt x 243.64641pt.
LaTeX Font Info:    Font shape `T1/pplx/bx/n' in size <20.74> not available
(Font)              Font shape `T1/pplx/b/n' tried instead on input line 25.
LaTeX Font Info:    Try loading font information for OT1+pplx on input line 39.


(d:/texlive/2015/texmf-dist/tex/latex/psnfss/ot1pplx.fd
File: ot1pplx.fd 2004/09/06 font definitions for OT1/pplx.
)
LaTeX Font Info:    Try loading font information for OML+zplm on input line 39.


(d:/texlive/2015/texmf-dist/tex/latex/psnfss/omlzplm.fd
File: omlzplm.fd 2002/09/08 Fontinst v1.914 font definitions for OML/zplm.
)
LaTeX Font Info:    Try loading font information for OMS+zplm on input line 39.


(d:/texlive/2015/texmf-dist/tex/latex/psnfss/omszplm.fd
File: omszplm.fd 2002/09/08 Fontinst v1.914 font definitions for OMS/zplm.
)
LaTeX Font Info:    Try loading font information for OMX+zplm on input line 39.


(d:/texlive/2015/texmf-dist/tex/latex/psnfss/omxzplm.fd
File: omxzplm.fd 2002/09/08 Fontinst v1.914 font definitions for OMX/zplm.
)
LaTeX Font Info:    Try loading font information for OT1+zplm on input line 39.


(d:/texlive/2015/texmf-dist/tex/latex/psnfss/ot1zplm.fd
File: ot1zplm.fd 2002/09/08 Fontinst v1.914 font definitions for OT1/zplm.
)
LaTeX Font Info:    Font shape `U/msa/m/n' will be
(Font)              scaled to size 11.40997pt on input line 39.
LaTeX Font Info:    Font shape `U/msa/m/n' will be
(Font)              scaled to size 8.33606pt on input line 39.
LaTeX Font Info:    Font shape `U/msa/m/n' will be
(Font)              scaled to size 6.25204pt on input line 39.
LaTeX Font Info:    Font shape `U/msb/m/n' will be
(Font)              scaled to size 11.40997pt on input line 39.
LaTeX Font Info:    Font shape `U/msb/m/n' will be
(Font)              scaled to size 8.33606pt on input line 39.
LaTeX Font Info:    Font shape `U/msb/m/n' will be
(Font)              scaled to size 6.25204pt on input line 39.
Package babel Info: Redefining danish shorthand "|
(babel)             in language  on input line 67.
Package babel Info: Redefining danish shorthand "~
(babel)             in language  on input line 67.
Package babel Info: Redefining danish shorthand "|
(babel)             in language  on input line 67.
Package babel Info: Redefining danish shorthand "~
(babel)             in language  on input line 67.
 [1

{d:/texlive/2015/texmf-var/fonts/map/pdftex/updmap/pdftex.map} <./figures/forsi
de.jpg>])
Package babel Info: Redefining danish shorthand "|
(babel)             in language  on input line 13.
Package babel Info: Redefining danish shorthand "~
(babel)             in language  on input line 13.

(./master.toc
LaTeX Font Info:    Font shape `T1/pplx/bx/n' in size <10.95> not available
(Font)              Font shape `T1/pplx/b/n' tried instead on input line 5.
)
\tf@toc=\write6
\openout6 = `master.toc'.

 (./sections/introduction.tex
Package babel Info: Redefining danish shorthand "|
(babel)             in language  on input line 1.
Package babel Info: Redefining danish shorthand "~
(babel)             in language  on input line 1.
Package babel Info: Redefining danish shorthand "|
(babel)             in language  on input line 1.
Package babel Info: Redefining danish shorthand "~
(babel)             in language  on input line 1.
pdfTeX warning (ext4): destination with the same identifier (name{page.1}) has 
been already used, duplicate ignored
<to be read again> 
                   \relax 
l.1 \chapter
            {Indledning}\label{ch:introduction} [1

]
Kapitel 1.
Package babel Info: Redefining danish shorthand "|
(babel)             in language  on input line 1.
Package babel Info: Redefining danish shorthand "~
(babel)             in language  on input line 1.
LaTeX Font Info:    Font shape `U/msa/m/n' will be
(Font)              scaled to size 9.37807pt on input line 2.
LaTeX Font Info:    Font shape `U/msa/m/n' will be
(Font)              scaled to size 7.29405pt on input line 2.
LaTeX Font Info:    Font shape `U/msa/m/n' will be
(Font)              scaled to size 5.21004pt on input line 2.
LaTeX Font Info:    Font shape `U/msb/m/n' will be
(Font)              scaled to size 9.37807pt on input line 2.
LaTeX Font Info:    Font shape `U/msb/m/n' will be
(Font)              scaled to size 7.29405pt on input line 2.
LaTeX Font Info:    Font shape `U/msb/m/n' will be
(Font)              scaled to size 5.21004pt on input line 2.
LaTeX Font Info:    Try loading font information for OMS+pplx on input line 5.
LaTeX Font Info:    No file OMSpplx.fd. on input line 5.

LaTeX Font Warning: Font shape `OMS/pplx/m/n' undefined
(Font)              using `OMS/cmsy/m/n' instead
(Font)              for symbol `textbullet' on input line 5.

) (./sections/Teori.tex
Package babel Info: Redefining danish shorthand "|
(babel)             in language  on input line 1.
Package babel Info: Redefining danish shorthand "~
(babel)             in language  on input line 1.
Package babel Info: Redefining danish shorthand "|
(babel)             in language  on input line 1.
Package babel Info: Redefining danish shorthand "~
(babel)             in language  on input line 1.
 [2

]
Kapitel 2.
Package babel Info: Redefining danish shorthand "|
(babel)             in language  on input line 1.
Package babel Info: Redefining danish shorthand "~
(babel)             in language  on input line 1.
LaTeX Font Info:    Font shape `T1/pplx/bx/n' in size <12> not available
(Font)              Font shape `T1/pplx/b/n' tried instead on input line 11.

Package hyperref Warning: Difference (2) between bookmark levels is greater 
(hyperref)                than one, level fixed on input line 11.

Package babel Info: Redefining danish shorthand "|
(babel)             in language  on input line 11.
Package babel Info: Redefining danish shorthand "~
(babel)             in language  on input line 11.

LaTeX Warning: Reference `fig:Aktivitetsdiagram for Equalizeren' on page 3 unde
fined on input line 14.

<figures/Equalizer_flowchart.PNG, id=38, 634.7715pt x 201.1515pt>
File: figures/Equalizer_flowchart.PNG Graphic file (type png)

<use figures/Equalizer_flowchart.PNG>
Package pdftex.def Info: figures/Equalizer_flowchart.PNG used on input line 18.

(pdftex.def)             Requested size: 426.79134pt x 135.24654pt.
LaTeX Font Info:    Font shape `T1/pplx/bx/n' in size <9> not available
(Font)              Font shape `T1/pplx/b/n' tried instead on input line 19.
Package babel Info: Redefining danish shorthand "|
(babel)             in language  on input line 30.
Package babel Info: Redefining danish shorthand "~
(babel)             in language  on input line 30.
Package babel Info: Redefining danish shorthand "|
(babel)             in language  on input line 30.
Package babel Info: Redefining danish shorthand "~
(babel)             in language  on input line 30.
 [3

 <./figures/Equalizer_flowchart.PNG>]
Package babel Info: Redefining danish shorthand "|
(babel)             in language  on input line 30.
Package babel Info: Redefining danish shorthand "~
(babel)             in language  on input line 30.


LaTeX Warning: Reference `eq:Z-transformation' on page 4 undefined on input lin
e 33.

Package babel Info: Redefining danish shorthand "|
(babel)             in language  on input line 39.
Package babel Info: Redefining danish shorthand "~
(babel)             in language  on input line 39.

LaTeX Warning: Reference `eq:FIR' on page 4 undefined on input line 41.

Package babel Info: Redefining danish shorthand "|
(babel)             in language  on input line 47.
Package babel Info: Redefining danish shorthand "~
(babel)             in language  on input line 47.

LaTeX Warning: Reference `eq:IIR' on page 4 undefined on input line 48.


LaTeX Warning: Reference `eq:IIR overforingsfunktion' on page 4 undefined on in
put line 68.


Underfull \hbox (badness 10000) in paragraph at lines 63--69

 []


Package Fancyhdr Warning: \headheight is too small (12.0pt): 
 Make it at least 13.59999pt.
 We now make it that large for the rest of the document.
 This may cause the page layout to be inconsistent, however.

Package babel Info: Redefining danish shorthand "|
(babel)             in language  on input line 72.
Package babel Info: Redefining danish shorthand "~
(babel)             in language  on input line 72.
Package babel Info: Redefining danish shorthand "|
(babel)             in language  on input line 72.
Package babel Info: Redefining danish shorthand "~
(babel)             in language  on input line 72.
[4]

LaTeX Warning: Reference `eq:IIR overforingsfunktion' on page 5 undefined on in
put line 74.

Package babel Info: Redefining danish shorthand "|
(babel)             in language  on input line 76.
Package babel Info: Redefining danish shorthand "~
(babel)             in language  on input line 76.
) (./sections/Equalizer.tex

Package Fancyhdr Warning: \headheight is too small (12.0pt): 
 Make it at least 13.59999pt.
 We now make it that large for the rest of the document.
 This may cause the page layout to be inconsistent, however.

Package babel Info: Redefining danish shorthand "|
(babel)             in language  on input line 1.
Package babel Info: Redefining danish shorthand "~
(babel)             in language  on input line 1.
Package babel Info: Redefining danish shorthand "|
(babel)             in language  on input line 1.
Package babel Info: Redefining danish shorthand "~
(babel)             in language  on input line 1.
[5]
Kapitel 3.
Package babel Info: Redefining danish shorthand "|
(babel)             in language  on input line 1.
Package babel Info: Redefining danish shorthand "~
(babel)             in language  on input line 1.
LaTeX Font Info:    Font shape `T1/pplx/bx/n' in size <14.4> not available
(Font)              Font shape `T1/pplx/b/n' tried instead on input line 2.
Package babel Info: Redefining danish shorthand "|
(babel)             in language  on input line 2.
Package babel Info: Redefining danish shorthand "~
(babel)             in language  on input line 2.

LaTeX Warning: Reference `ch:Teori' on page 6 undefined on input line 3.

Package babel Info: Redefining danish shorthand "|
(babel)             in language  on input line 7.
Package babel Info: Redefining danish shorthand "~
(babel)             in language  on input line 7.
Package babel Info: Redefining danish shorthand "|
(babel)             in language  on input line 8.
Package babel Info: Redefining danish shorthand "~
(babel)             in language  on input line 8.
LaTeX Font Info:    Try loading font information for T1+cmtt on input line 9.
(d:/texlive/2015/texmf-dist/tex/latex/base/t1cmtt.fd
File: t1cmtt.fd 2014/09/29 v2.5h Standard LaTeX font definitions
)
Overfull \hbox (20.1556pt too wide) in paragraph at lines 35--35
[]\T1/cmtt/m/n/10.95 function [ output_signal, filter1] = FIR_bandpass_function
(input_signal,fc1,fc2 )[] 
 []


Overfull \hbox (3.18048pt too wide) in paragraph at lines 35--35
[]\T1/cmtt/m/n/10.95 filter1 = [filter1 zeros(1,N/2-m1-abs(m1-m2)) ones(1,abs(m
1-m2)) zeros(1,m1)];[] 
 []

Package babel Info: Redefining danish shorthand "|
(babel)             in language  on input line 35.
Package babel Info: Redefining danish shorthand "~
(babel)             in language  on input line 35.
Package babel Info: Redefining danish shorthand "|
(babel)             in language  on input line 35.
Package babel Info: Redefining danish shorthand "~
(babel)             in language  on input line 35.
[6

]
Package babel Info: Redefining danish shorthand "|
(babel)             in language  on input line 37.
Package babel Info: Redefining danish shorthand "~
(babel)             in language  on input line 37.
 <figures/FDATool.PNG, id=78, 1112.35574pt x 513.71925pt>
File: figures/FDATool.PNG Graphic file (type png)

<use figures/FDATool.PNG>
Package pdftex.def Info: figures/FDATool.PNG used on input line 42.
(pdftex.def)             Requested size: 426.79134pt x 197.10446pt.


Package Fancyhdr Warning: \headheight is too small (12.0pt): 
 Make it at least 13.59999pt.
 We now make it that large for the rest of the document.
 This may cause the page layout to be inconsistent, however.

Package babel Info: Redefining danish shorthand "|
(babel)             in language  on input line 66.
Package babel Info: Redefining danish shorthand "~
(babel)             in language  on input line 66.
Package babel Info: Redefining danish shorthand "|
(babel)             in language  on input line 66.
Package babel Info: Redefining danish shorthand "~
(babel)             in language  on input line 66.
[7 <./figures/FDATool.PNG>]
Package babel Info: Redefining danish shorthand "|
(babel)             in language  on input line 68.
Package babel Info: Redefining danish shorthand "~
(babel)             in language  on input line 68.

Overfull \hbox (82.39767pt too wide) in paragraph at lines 103--103
[]\T1/cmtt/m/n/10.95 function [ output_signal ] = FIR_WEIGHT(input_signal,weigh
t,weight2,weight3,weight4,weight5)[] 
 []


Package Fancyhdr Warning: \headheight is too small (12.0pt): 
 Make it at least 13.59999pt.
 We now make it that large for the rest of the document.
 This may cause the page layout to be inconsistent, however.

Package babel Info: Redefining danish shorthand "|
(babel)             in language  on input line 103.
Package babel Info: Redefining danish shorthand "~
(babel)             in language  on input line 103.
Package babel Info: Redefining danish shorthand "|
(babel)             in language  on input line 103.
Package babel Info: Redefining danish shorthand "~
(babel)             in language  on input line 103.
[8]
Package babel Info: Redefining danish shorthand "|
(babel)             in language  on input line 105.
Package babel Info: Redefining danish shorthand "~
(babel)             in language  on input line 105.
) (./sections/Resultat.tex

Package Fancyhdr Warning: \headheight is too small (12.0pt): 
 Make it at least 13.59999pt.
 We now make it that large for the rest of the document.
 This may cause the page layout to be inconsistent, however.

Package babel Info: Redefining danish shorthand "|
(babel)             in language  on input line 1.
Package babel Info: Redefining danish shorthand "~
(babel)             in language  on input line 1.
Package babel Info: Redefining danish shorthand "|
(babel)             in language  on input line 1.
Package babel Info: Redefining danish shorthand "~
(babel)             in language  on input line 1.
[9]
Kapitel 4.
Package babel Info: Redefining danish shorthand "|
(babel)             in language  on input line 1.
Package babel Info: Redefining danish shorthand "~
(babel)             in language  on input line 1.

Package hyperref Warning: Difference (2) between bookmark levels is greater 
(hyperref)                than one, level fixed on input line 8.

Package babel Info: Redefining danish shorthand "|
(babel)             in language  on input line 8.
Package babel Info: Redefining danish shorthand "~
(babel)             in language  on input line 8.
<figures/Sonata1.jpg, id=96, 702.625pt x 526.96875pt>
File: figures/Sonata1.jpg Graphic file (type jpg)

<use figures/Sonata1.jpg>
Package pdftex.def Info: figures/Sonata1.jpg used on input line 12.
(pdftex.def)             Requested size: 426.79134pt x 320.0996pt.
Package babel Info: Redefining danish shorthand "|
(babel)             in language  on input line 19.
Package babel Info: Redefining danish shorthand "~
(babel)             in language  on input line 19.

<figures/Sonata2.jpg, id=97, 702.625pt x 526.96875pt>
File: figures/Sonata2.jpg Graphic file (type jpg)

<use figures/Sonata2.jpg>
Package pdftex.def Info: figures/Sonata2.jpg used on input line 23.
(pdftex.def)             Requested size: 426.79134pt x 320.0996pt.
Package babel Info: Redefining danish shorthand "|
(babel)             in language  on input line 27.
Package babel Info: Redefining danish shorthand "~
(babel)             in language  on input line 27.
Package babel Info: Redefining danish shorthand "|
(babel)             in language  on input line 27.
Package babel Info: Redefining danish shorthand "~
(babel)             in language  on input line 27.
 [10

 <./figures/Sonata1.jpg>]
Package babel Info: Redefining danish shorthand "|
(babel)             in language  on input line 29.
Package babel Info: Redefining danish shorthand "~
(babel)             in language  on input line 29.

<figures/Sonata3.jpg, id=105, 702.625pt x 526.96875pt>
File: figures/Sonata3.jpg Graphic file (type jpg)

<use figures/Sonata3.jpg>
Package pdftex.def Info: figures/Sonata3.jpg used on input line 33.
(pdftex.def)             Requested size: 426.79134pt x 320.0996pt.


Package Fancyhdr Warning: \headheight is too small (12.0pt): 
 Make it at least 13.59999pt.
 We now make it that large for the rest of the document.
 This may cause the page layout to be inconsistent, however.

Package babel Info: Redefining danish shorthand "|
(babel)             in language  on input line 37.
Package babel Info: Redefining danish shorthand "~
(babel)             in language  on input line 37.
Package babel Info: Redefining danish shorthand "|
(babel)             in language  on input line 37.
Package babel Info: Redefining danish shorthand "~
(babel)             in language  on input line 37.
[11 <./figures/Sonata2.jpg>]
Package babel Info: Redefining danish shorthand "|
(babel)             in language  on input line 39.
Package babel Info: Redefining danish shorthand "~
(babel)             in language  on input line 39.

<figures/Sonata4.jpg, id=112, 702.625pt x 526.96875pt>
File: figures/Sonata4.jpg Graphic file (type jpg)

<use figures/Sonata4.jpg>
Package pdftex.def Info: figures/Sonata4.jpg used on input line 43.
(pdftex.def)             Requested size: 426.79134pt x 320.0996pt.
) (./sections/conclusion.tex

Package Fancyhdr Warning: \headheight is too small (12.0pt): 
 Make it at least 13.59999pt.
 We now make it that large for the rest of the document.
 This may cause the page layout to be inconsistent, however.

Package babel Info: Redefining danish shorthand "|
(babel)             in language  on input line 1.
Package babel Info: Redefining danish shorthand "~
(babel)             in language  on input line 1.
Package babel Info: Redefining danish shorthand "|
(babel)             in language  on input line 1.
Package babel Info: Redefining danish shorthand "~
(babel)             in language  on input line 1.
[12 <./figures/Sonata3.jpg>]

Package Fancyhdr Warning: \headheight is too small (12.0pt): 
 Make it at least 13.59999pt.
 We now make it that large for the rest of the document.
 This may cause the page layout to be inconsistent, however.

Package babel Info: Redefining danish shorthand "|
(babel)             in language  on input line 1.
Package babel Info: Redefining danish shorthand "~
(babel)             in language  on input line 1.
Package babel Info: Redefining danish shorthand "|
(babel)             in language  on input line 1.
Package babel Info: Redefining danish shorthand "~
(babel)             in language  on input line 1.
[13 <./figures/Sonata4.jpg>]
Kapitel 5.
Package babel Info: Redefining danish shorthand "|
(babel)             in language  on input line 1.
Package babel Info: Redefining danish shorthand "~
(babel)             in language  on input line 1.
)

LaTeX Warning: Empty bibliography on input line 22.

\tf@thm=\write7
\openout7 = `master.thm'.


AED: lastpage setting LastPage
Package babel Info: Redefining danish shorthand "|
(babel)             in language  on input line 25.
Package babel Info: Redefining danish shorthand "~
(babel)             in language  on input line 25.
Package babel Info: Redefining danish shorthand "|
(babel)             in language  on input line 25.
Package babel Info: Redefining danish shorthand "~
(babel)             in language  on input line 25.
[14

]
Package babel Info: Redefining danish shorthand "|
(babel)             in language  on input line 25.
Package babel Info: Redefining danish shorthand "~
(babel)             in language  on input line 25.
Package atveryend Info: Empty hook `BeforeClearDocument' on input line 25.
Package atveryend Info: Empty hook `AfterLastShipout' on input line 25.
 (./master.aux)
Package atveryend Info: Executing hook `AtVeryEndDocument' on input line 25.
Package atveryend Info: Executing hook `AtEndAfterFileList' on input line 25.


Package rerunfilecheck Warning: File `master.out' has changed.
(rerunfilecheck)                Rerun to get outlines right
(rerunfilecheck)                or use package `bookmark'.

Package rerunfilecheck Info: Checksums for `master.out':
(rerunfilecheck)             Before: 4B501D3074068B912E64526E3FE625EE;95
(rerunfilecheck)             After:  C59498691E1EEE15FBB460C6C2B1A87B;1519.

LaTeX Font Warning: Some font shapes were not available, defaults substituted.


LaTeX Warning: There were undefined references.


LaTeX Warning: Label(s) may have changed. Rerun to get cross-references right.

Package logreq Info: Writing requests to 'master.run.xml'.
\openout1 = `master.run.xml'.

 ) 
Here is how much of TeX's memory you used:
 25044 strings out of 494358
 445749 string characters out of 6165337
 768641 words of memory out of 5000000
 27778 multiletter control sequences out of 15000+600000
 75462 words of font info for 126 fonts, out of 8000000 for 9000
 377 hyphenation exceptions out of 8191
 64i,12n,75p,897b,1431s stack positions out of 5000i,500n,10000p,200000b,80000s
{d:/texlive/2015/texmf-dist/fonts/enc/dvips/cm-super/cm-super-t1.enc}{d:/texl
ive/2015/texmf-dist/fonts/enc/dvips/base/8r.enc}<d:/texlive/2015/texmf-dist/fon
ts/type1/public/amsfonts/cm/cmr10.pfb><d:/texlive/2015/texmf-dist/fonts/type1/p
ublic/amsfonts/cm/cmsy10.pfb><d:/texlive/2015/texmf-dist/fonts/type1/public/mat
hpazo/fplmr.pfb><d:/texlive/2015/texmf-dist/fonts/type1/public/mathpazo/fplmri.
pfb><d:/texlive/2015/texmf-dist/fonts/type1/public/fpl/fplrc8a.pfb><d:/texlive/
2015/texmf-dist/fonts/type1/public/cm-super/sftt1095.pfb><d:/texlive/2015/texmf
-dist/fonts/type1/urw/palatino/uplb8a.pfb><d:/texlive/2015/texmf-dist/fonts/typ
e1/urw/palatino/uplr8a.pfb><d:/texlive/2015/texmf-dist/fonts/type1/urw/palatino
/uplri8a.pfb>
Output written on master.pdf (15 pages, 736778 bytes).
PDF statistics:
 178 PDF objects out of 1000 (max. 8388607)
 141 compressed objects within 2 object streams
 50 named destinations out of 1000 (max. 500000)
 64 words of extra memory for PDF output out of 10000 (max. 10000000)

